--------------------
Hyperparameter search on /usr/scratch4/angel8547/results/UAL/11/raw_model_outputs.json
--------------------
loading /usr/scratch4/angel8547/results/UAL/11/raw_model_outputs.json...
DONE!
mAP(epsilon=0) = 0.8706709201810541
mAP(epsilon=0.0007160682723923173) = 0.8707341448113755
mAP(epsilon=0.03946568542494952) = 0.8731355794097954
mAP(epsilon=0.07205009958098874) = 0.8740105751937393
mAP(epsilon=0.09945021663794448) = 0.8745890360174841
mAP(epsilon=0.12249087684867076) = 0.8747777270171205
mAP(epsilon=0.14186568542494937) = 0.8748981530390583
mAP(epsilon=0.15815789250296897) = 0.8749622822612231
mAP(epsilon=0.17185795103144685) = 0.8750394120343628
mAP(epsilon=0.18337828113680998) = 0.8750985107341966
mAP(epsilon=0.19306568542494928) = 0.8751187835521955
mAP(epsilon=0.20121178896395908) = 0.8751331961555773
mAP(epsilon=0.20806181822819803) = 0.8751753328395945
mAP(epsilon=0.2138219832808796) = 0.8751007389603619
mAP(epsilon=0.21866568542494924) = 0.8751332667636724
mAP(epsilon=0.22273873719445414) = 0.8751477158209984
mAP(epsilon=0.22616375182657364) = 0.8751309783136538
mAP(epsilon=0.22904383435291442) = 0.8751405455202294
mAP(epsilon=0.23146568542494925) = 0.8751425719160915
mAP(epsilon=0.2335022113097017) = 0.8751336267590936
mAP(epsilon=0.23521471862576143) = 0.8751608991800595
mAP(epsilon=0.2366547598889318) = 0.8751707678339677
mAP(epsilon=0.23786568542494924) = 0.8751479551395377
mAP(epsilon=0.23888394836732546) = 0.8751548225234245
mAP(epsilon=0.23974020202535531) = 0.8751670713648778
mAP(epsilon=0.24046022265694053) = 0.8751688490435908
mAP(epsilon=0.24106568542494922) = 0.8751694083365671
mAP(epsilon=0.24157481689613733) = 0.8751778204805317
mAP(epsilon=0.24200294372515227) = 0.8751745449412842
mAP(epsilon=0.24236295404094488) = 0.875144220526938
mAP(epsilon=0.24266568542494923) = 0.8751435042179726
mAP(epsilon=0.24292025116054328) = 0.8751465965625012
mAP(epsilon=0.24313431457505075) = 0.8751486042512153
mAP(epsilon=0.24331431973294704) = 0.875145691773554
mAP(epsilon=0.24346568542494923) = 0.8751451803291107
mAP(epsilon=0.24359296829274626) = 0.8751440781473335
mAP(epsilon=0.2437) = 0.8751408150881643
mAP(epsilon=0.2438) = 0.8751422655408091
mAP(epsilon=0.24389999999999998) = 0.8751368853108441
mAP(epsilon=0.2440070317072537) = 0.875137295962469
mAP(epsilon=0.24413431457505075) = 0.8751431966552934
mAP(epsilon=0.24428568026705294) = 0.8751473700963326
mAP(epsilon=0.24446568542494923) = 0.8751475281719212
mAP(epsilon=0.2446797488394567) = 0.8751550274852251
mAP(epsilon=0.24493431457505074) = 0.8751589289558609
mAP(epsilon=0.2452370459590551) = 0.8751595094280779
mAP(epsilon=0.2455970562748477) = 0.8751515883777324
mAP(epsilon=0.24602518310386265) = 0.8751347460921634
mAP(epsilon=0.24653431457505076) = 0.8751336132285974
mAP(epsilon=0.24713977734305945) = 0.8751265490873559
mAP(epsilon=0.24785979797464466) = 0.8751221079850182
mAP(epsilon=0.24871605163267452) = 0.8751212694374575
mAP(epsilon=0.24973431457505074) = 0.8751219447386451
mAP(epsilon=0.25094524011106817) = 0.8751189514382288
mAP(epsilon=0.25238528137423855) = 0.8751174745065969
mAP(epsilon=0.2540977886902983) = 0.8751526099962429
mAP(epsilon=0.25613431457505076) = 0.8751724710602969
mAP(epsilon=0.25855616564708556) = 0.8751731552710768
mAP(epsilon=0.26143624817342637) = 0.8751835651447507
mAP(epsilon=0.26486126280554584) = 0.8751777424964209
mAP(epsilon=0.26893431457505074) = 0.8751625353951504
mAP(epsilon=0.2737780167191204) = 0.8751552028489024
mAP(epsilon=0.27953818177180195) = 0.8751492995694965
mAP(epsilon=0.2863882110360409) = 0.8751058963172613
mAP(epsilon=0.2945343145750507) = 0.8751312215256282
mAP(epsilon=0.30422171886319) = 0.8751732459199733
mAP(epsilon=0.3157420489685531) = 0.8751838741476735
mAP(epsilon=0.329442107497031) = 0.8751296656541411
mAP(epsilon=0.3457343145750506) = 0.8750563730342144
mAP(epsilon=0.3651091231513292) = 0.875063856786015
mAP(epsilon=0.3881497833620555) = 0.8750521629210245
mAP(epsilon=0.41554990041901124) = 0.8750122653653812
mAP(epsilon=0.4481343145750505) = 0.8750275237877874
mAP(epsilon=0.4868839317276077) = 0.8749878306641076
best epsilon = 0.3157420489685531 ; mAP = 0.8751838741476735
--------------------
Hyperparameter search on /usr/scratch4/angel8547/results/UAL/12/raw_model_outputs.json
--------------------
loading /usr/scratch4/angel8547/results/UAL/12/raw_model_outputs.json...
DONE!
mAP(epsilon=0) = 0.8682676259948195
mAP(epsilon=0.0007160682723923173) = 0.8683102257287831
mAP(epsilon=0.03946568542494952) = 0.8704306850379436
mAP(epsilon=0.07205009958098874) = 0.8710400540949659
mAP(epsilon=0.09945021663794448) = 0.8714183927918042
mAP(epsilon=0.12249087684867076) = 0.8716755243947557
mAP(epsilon=0.14186568542494937) = 0.8718488037219628
mAP(epsilon=0.15815789250296897) = 0.8719164664915441
mAP(epsilon=0.17185795103144685) = 0.8718087193885827
mAP(epsilon=0.18337828113680998) = 0.8717977613320793
mAP(epsilon=0.19306568542494928) = 0.8718177954938612
mAP(epsilon=0.20121178896395908) = 0.8718360984370149
mAP(epsilon=0.20806181822819803) = 0.8718568153842485
mAP(epsilon=0.2138219832808796) = 0.8718692029745435
mAP(epsilon=0.21866568542494924) = 0.8718757710940437
mAP(epsilon=0.22273873719445414) = 0.8718684251244938
mAP(epsilon=0.22616375182657364) = 0.8718694562663438
mAP(epsilon=0.22904383435291442) = 0.8719143645112318
mAP(epsilon=0.23146568542494925) = 0.8718719043914235
mAP(epsilon=0.2335022113097017) = 0.8718588102920161
mAP(epsilon=0.23521471862576143) = 0.87185508218275
mAP(epsilon=0.2366547598889318) = 0.8718545069123955
mAP(epsilon=0.23786568542494924) = 0.8718487522693538
mAP(epsilon=0.23888394836732546) = 0.8718460628534503
mAP(epsilon=0.23974020202535531) = 0.8718308906745745
mAP(epsilon=0.24046022265694053) = 0.8718280801789859
mAP(epsilon=0.24106568542494922) = 0.8718303858406417
mAP(epsilon=0.24157481689613733) = 0.8718278589487777
mAP(epsilon=0.24200294372515227) = 0.87183493511592
mAP(epsilon=0.24236295404094488) = 0.8718398147966481
mAP(epsilon=0.24266568542494923) = 0.8718375767865864
mAP(epsilon=0.24292025116054328) = 0.871836896871898
mAP(epsilon=0.24313431457505075) = 0.8718339699166127
mAP(epsilon=0.24331431973294704) = 0.8718363314665017
mAP(epsilon=0.24346568542494923) = 0.8718366060675332
mAP(epsilon=0.24359296829274626) = 0.871836618648068
mAP(epsilon=0.2437) = 0.8718335777937206
mAP(epsilon=0.2438) = 0.871832683479548
mAP(epsilon=0.24389999999999998) = 0.8718327272894613
mAP(epsilon=0.2440070317072537) = 0.8718331132906393
mAP(epsilon=0.24413431457505075) = 0.8718326172751595
mAP(epsilon=0.24428568026705294) = 0.8718323710259733
mAP(epsilon=0.24446568542494923) = 0.8718321228395906
mAP(epsilon=0.2446797488394567) = 0.8718348656595419
mAP(epsilon=0.24493431457505074) = 0.871834619926127
mAP(epsilon=0.2452370459590551) = 0.871838685777441
mAP(epsilon=0.2455970562748477) = 0.8718330185068924
mAP(epsilon=0.24602518310386265) = 0.8718242500476602
mAP(epsilon=0.24653431457505076) = 0.8718220318510992
mAP(epsilon=0.24713977734305945) = 0.8718253648984471
mAP(epsilon=0.24785979797464466) = 0.8718315383335098
mAP(epsilon=0.24871605163267452) = 0.8718154340820111
mAP(epsilon=0.24973431457505074) = 0.8718043092422426
mAP(epsilon=0.25094524011106817) = 0.8718099544475041
mAP(epsilon=0.25238528137423855) = 0.871834366164994
mAP(epsilon=0.2540977886902983) = 0.8718322325323697
mAP(epsilon=0.25613431457505076) = 0.8718364615625814
mAP(epsilon=0.25855616564708556) = 0.871807573626169
mAP(epsilon=0.26143624817342637) = 0.8718241903350756
mAP(epsilon=0.26486126280554584) = 0.8718237097697988
mAP(epsilon=0.26893431457505074) = 0.8718341084286
mAP(epsilon=0.2737780167191204) = 0.8718452348423966
mAP(epsilon=0.27953818177180195) = 0.8718013274962161
mAP(epsilon=0.2863882110360409) = 0.8718080554259362
mAP(epsilon=0.2945343145750507) = 0.8718064573834704
mAP(epsilon=0.30422171886319) = 0.8717673106799116
mAP(epsilon=0.3157420489685531) = 0.8717969708517868
mAP(epsilon=0.329442107497031) = 0.871767451265217
mAP(epsilon=0.3457343145750506) = 0.8716887172739176
mAP(epsilon=0.3651091231513292) = 0.8716329117862607
mAP(epsilon=0.3881497833620555) = 0.8716275245180862
mAP(epsilon=0.41554990041901124) = 0.8715802261275424
mAP(epsilon=0.4481343145750505) = 0.8715567186865967
mAP(epsilon=0.4868839317276077) = 0.8714507392471846
best epsilon = 0.15815789250296897 ; mAP = 0.8719164664915441
--------------------
Hyperparameter search on /usr/scratch4/angel8547/results/UAL/13/raw_model_outputs.json
--------------------
loading /usr/scratch4/angel8547/results/UAL/13/raw_model_outputs.json...
DONE!
mAP(epsilon=0) = 0.8658600871451054
mAP(epsilon=0.0007160682723923173) = 0.865947800579221
mAP(epsilon=0.03946568542494952) = 0.8683324769700146
mAP(epsilon=0.07205009958098874) = 0.8694012408898538
mAP(epsilon=0.09945021663794448) = 0.8698184001331323
mAP(epsilon=0.12249087684867076) = 0.8700712190548718
mAP(epsilon=0.14186568542494937) = 0.8702121204793718
mAP(epsilon=0.15815789250296897) = 0.8703320724588626
mAP(epsilon=0.17185795103144685) = 0.8703790154612447
mAP(epsilon=0.18337828113680998) = 0.8704279668279143
mAP(epsilon=0.19306568542494928) = 0.8704667509835671
mAP(epsilon=0.20121178896395908) = 0.870460108100545
mAP(epsilon=0.20806181822819803) = 0.8705208847133417
mAP(epsilon=0.2138219832808796) = 0.8705385563449863
mAP(epsilon=0.21866568542494924) = 0.8705708561785209
mAP(epsilon=0.22273873719445414) = 0.8705386442568752
mAP(epsilon=0.22616375182657364) = 0.8705379378696001
mAP(epsilon=0.22904383435291442) = 0.8705544312227556
mAP(epsilon=0.23146568542494925) = 0.8705570282016785
mAP(epsilon=0.2335022113097017) = 0.8705757821977532
mAP(epsilon=0.23521471862576143) = 0.870577638759731
mAP(epsilon=0.2366547598889318) = 0.8705827243503965
mAP(epsilon=0.23786568542494924) = 0.870579229212933
mAP(epsilon=0.23888394836732546) = 0.8705878243111885
mAP(epsilon=0.23974020202535531) = 0.8705915912208445
mAP(epsilon=0.24046022265694053) = 0.8706009665452006
mAP(epsilon=0.24106568542494922) = 0.8706006986910277
mAP(epsilon=0.24157481689613733) = 0.8706016311549524
mAP(epsilon=0.24200294372515227) = 0.8705991004387171
mAP(epsilon=0.24236295404094488) = 0.8705998009555896
mAP(epsilon=0.24266568542494923) = 0.8705985133827993
mAP(epsilon=0.24292025116054328) = 0.8705996915737304
mAP(epsilon=0.24313431457505075) = 0.8705984362263853
mAP(epsilon=0.24331431973294704) = 0.8705991110558671
mAP(epsilon=0.24346568542494923) = 0.8706000557110223
mAP(epsilon=0.24359296829274626) = 0.870599673263006
mAP(epsilon=0.2437) = 0.87060006858802
mAP(epsilon=0.2438) = 0.8705987136499471
mAP(epsilon=0.24389999999999998) = 0.8705969651889119
mAP(epsilon=0.2440070317072537) = 0.870595721949639
mAP(epsilon=0.24413431457505075) = 0.8705955070918815
mAP(epsilon=0.24428568026705294) = 0.8705932783748537
mAP(epsilon=0.24446568542494923) = 0.8705931162993168
mAP(epsilon=0.2446797488394567) = 0.8705892659590528
mAP(epsilon=0.24493431457505074) = 0.8705898311321535
mAP(epsilon=0.2452370459590551) = 0.87058862794695
mAP(epsilon=0.2455970562748477) = 0.87058966829107
mAP(epsilon=0.24602518310386265) = 0.8705834564703558
mAP(epsilon=0.24653431457505076) = 0.870582483038096
mAP(epsilon=0.24713977734305945) = 0.8705824516388798
mAP(epsilon=0.24785979797464466) = 0.870585387480313
mAP(epsilon=0.24871605163267452) = 0.8705835843698698
mAP(epsilon=0.24973431457505074) = 0.870589149714185
mAP(epsilon=0.25094524011106817) = 0.8705987430647998
mAP(epsilon=0.25238528137423855) = 0.8705722428611812
mAP(epsilon=0.2540977886902983) = 0.8705655562485503
mAP(epsilon=0.25613431457505076) = 0.8705636604093856
mAP(epsilon=0.25855616564708556) = 0.8705727510592863
mAP(epsilon=0.26143624817342637) = 0.8705769910410717
mAP(epsilon=0.26486126280554584) = 0.8705858066605507
mAP(epsilon=0.26893431457505074) = 0.8705935889476001
mAP(epsilon=0.2737780167191204) = 0.8706334588705577
mAP(epsilon=0.27953818177180195) = 0.8706138628494186
mAP(epsilon=0.2863882110360409) = 0.870625683681287
mAP(epsilon=0.2945343145750507) = 0.8706308314622386
mAP(epsilon=0.30422171886319) = 0.8706436385560943
mAP(epsilon=0.3157420489685531) = 0.870670509474194
mAP(epsilon=0.329442107497031) = 0.870605070612691
mAP(epsilon=0.3457343145750506) = 0.8706400360701367
mAP(epsilon=0.3651091231513292) = 0.87059191479491
mAP(epsilon=0.3881497833620555) = 0.8703761182129233
mAP(epsilon=0.41554990041901124) = 0.8703598601565832
mAP(epsilon=0.4481343145750505) = 0.8702858131021907
mAP(epsilon=0.4868839317276077) = 0.8701766463821453
best epsilon = 0.3157420489685531 ; mAP = 0.870670509474194
--------------------
Hyperparameter search on /usr/scratch4/angel8547/results/UAL/14/raw_model_outputs.json
--------------------
loading /usr/scratch4/angel8547/results/UAL/14/raw_model_outputs.json...
DONE!
mAP(epsilon=0) = 0.8673644140480661
mAP(epsilon=0.0007160682723923173) = 0.8674495466397055
mAP(epsilon=0.03946568542494952) = 0.8699032993269566
mAP(epsilon=0.07205009958098874) = 0.8707475368820197
mAP(epsilon=0.09945021663794448) = 0.8710679840745531
mAP(epsilon=0.12249087684867076) = 0.8712208283857943
mAP(epsilon=0.14186568542494937) = 0.8712585681237163
mAP(epsilon=0.15815789250296897) = 0.8712507169503623
mAP(epsilon=0.17185795103144685) = 0.8712423978146068
mAP(epsilon=0.18337828113680998) = 0.8712770229947708
mAP(epsilon=0.19306568542494928) = 0.8713365051222219
mAP(epsilon=0.20121178896395908) = 0.8714214693670221
mAP(epsilon=0.20806181822819803) = 0.8714463756795199
mAP(epsilon=0.2138219832808796) = 0.8714775354758761
mAP(epsilon=0.21866568542494924) = 0.8714670872994665
mAP(epsilon=0.22273873719445414) = 0.8714617202674493
mAP(epsilon=0.22616375182657364) = 0.8713970598473617
mAP(epsilon=0.22904383435291442) = 0.8715363776793699
mAP(epsilon=0.23146568542494925) = 0.8715104435881443
mAP(epsilon=0.2335022113097017) = 0.8715121424847582
mAP(epsilon=0.23521471862576143) = 0.8714849176727041
mAP(epsilon=0.2366547598889318) = 0.8714758892597056
mAP(epsilon=0.23786568542494924) = 0.8714793339946515
mAP(epsilon=0.23888394836732546) = 0.871477737011841
mAP(epsilon=0.23974020202535531) = 0.8714777447984453
mAP(epsilon=0.24046022265694053) = 0.8714766184325845
mAP(epsilon=0.24106568542494922) = 0.8714838669941208
mAP(epsilon=0.24157481689613733) = 0.8714959237764901
mAP(epsilon=0.24200294372515227) = 0.8714888842258125
mAP(epsilon=0.24236295404094488) = 0.871491542920313
mAP(epsilon=0.24266568542494923) = 0.8714962026503063
mAP(epsilon=0.24292025116054328) = 0.8714960534823771
mAP(epsilon=0.24313431457505075) = 0.8714978469016582
mAP(epsilon=0.24331431973294704) = 0.8714857329936426
mAP(epsilon=0.24346568542494923) = 0.8714894423458702
mAP(epsilon=0.24359296829274626) = 0.8714884681565193
mAP(epsilon=0.2437) = 0.8714883855766852
mAP(epsilon=0.2438) = 0.8714819220974263
mAP(epsilon=0.24389999999999998) = 0.8714809408496997
mAP(epsilon=0.2440070317072537) = 0.8714816023151619
mAP(epsilon=0.24413431457505075) = 0.8714878683692546
mAP(epsilon=0.24428568026705294) = 0.8714899545917667
mAP(epsilon=0.24446568542494923) = 0.8714831192648186
mAP(epsilon=0.2446797488394567) = 0.8714843757268047
mAP(epsilon=0.24493431457505074) = 0.8714871046004109
mAP(epsilon=0.2452370459590551) = 0.8714869436968724
mAP(epsilon=0.2455970562748477) = 0.8714948011449704
mAP(epsilon=0.24602518310386265) = 0.8714954555992869
mAP(epsilon=0.24653431457505076) = 0.8714997442441915
mAP(epsilon=0.24713977734305945) = 0.8715015800091636
mAP(epsilon=0.24785979797464466) = 0.8715105493039972
mAP(epsilon=0.24871605163267452) = 0.8715061007404499
mAP(epsilon=0.24973431457505074) = 0.8715073132604914
mAP(epsilon=0.25094524011106817) = 0.8715117772810951
mAP(epsilon=0.25238528137423855) = 0.8715031464939835
mAP(epsilon=0.2540977886902983) = 0.8715113479865051
mAP(epsilon=0.25613431457505076) = 0.8714927248013219
mAP(epsilon=0.25855616564708556) = 0.871486358130751
mAP(epsilon=0.26143624817342637) = 0.8714626201670098
mAP(epsilon=0.26486126280554584) = 0.8714441420157555
mAP(epsilon=0.26893431457505074) = 0.8714595391061865
mAP(epsilon=0.2737780167191204) = 0.8714674758879238
mAP(epsilon=0.27953818177180195) = 0.8714633402150912
mAP(epsilon=0.2863882110360409) = 0.8714470825483301
mAP(epsilon=0.2945343145750507) = 0.8714589347707287
mAP(epsilon=0.30422171886319) = 0.8714459323843969
mAP(epsilon=0.3157420489685531) = 0.8713701164782055
mAP(epsilon=0.329442107497031) = 0.8713764646231471
mAP(epsilon=0.3457343145750506) = 0.8714029920026674
mAP(epsilon=0.3651091231513292) = 0.8713430730946975
mAP(epsilon=0.3881497833620555) = 0.8712965765534654
mAP(epsilon=0.41554990041901124) = 0.8712237436708951
mAP(epsilon=0.4481343145750505) = 0.8712551071596352
mAP(epsilon=0.4868839317276077) = 0.8711444230443571
best epsilon = 0.22904383435291442 ; mAP = 0.8715363776793699
--------------------
Hyperparameter search on /usr/scratch4/angel8547/results/UAL/15/raw_model_outputs.json
--------------------
loading /usr/scratch4/angel8547/results/UAL/15/raw_model_outputs.json...
DONE!
mAP(epsilon=0) = 0.8673187211100432
mAP(epsilon=0.0007160682723923173) = 0.867346245617609
mAP(epsilon=0.03946568542494952) = 0.8694525139238247
mAP(epsilon=0.07205009958098874) = 0.8702370463725198
mAP(epsilon=0.09945021663794448) = 0.8707580392340144
mAP(epsilon=0.12249087684867076) = 0.8708972917279544
mAP(epsilon=0.14186568542494937) = 0.8710951433116075
mAP(epsilon=0.15815789250296897) = 0.8711718147319643
mAP(epsilon=0.17185795103144685) = 0.871260415644279
mAP(epsilon=0.18337828113680998) = 0.8713537798431583
mAP(epsilon=0.19306568542494928) = 0.8714139744768957
mAP(epsilon=0.20121178896395908) = 0.8713702667377028
mAP(epsilon=0.20806181822819803) = 0.8713943625735996
mAP(epsilon=0.2138219832808796) = 0.8713707234987965
mAP(epsilon=0.21866568542494924) = 0.8713705156169553
mAP(epsilon=0.22273873719445414) = 0.8713623935550444
mAP(epsilon=0.22616375182657364) = 0.8713778504091426
mAP(epsilon=0.22904383435291442) = 0.8713889562044701
mAP(epsilon=0.23146568542494925) = 0.8713949728344027
mAP(epsilon=0.2335022113097017) = 0.8714063484296144
mAP(epsilon=0.23521471862576143) = 0.8714076402735237
mAP(epsilon=0.2366547598889318) = 0.871410825793336
mAP(epsilon=0.23786568542494924) = 0.8714041868193119
mAP(epsilon=0.23888394836732546) = 0.8713957407838681
mAP(epsilon=0.23974020202535531) = 0.8713985247370645
mAP(epsilon=0.24046022265694053) = 0.8714135079895107
mAP(epsilon=0.24106568542494922) = 0.8714111067336254
mAP(epsilon=0.24157481689613733) = 0.8714115136783506
mAP(epsilon=0.24200294372515227) = 0.8714078742535725
mAP(epsilon=0.24236295404094488) = 0.8714062936548364
mAP(epsilon=0.24266568542494923) = 0.8714059007470977
mAP(epsilon=0.24292025116054328) = 0.8714091352213579
mAP(epsilon=0.24313431457505075) = 0.8714083410112997
mAP(epsilon=0.24331431973294704) = 0.871416841319764
mAP(epsilon=0.24346568542494923) = 0.8714158933815315
mAP(epsilon=0.24359296829274626) = 0.8714193694276839
mAP(epsilon=0.2437) = 0.8714251499826161
mAP(epsilon=0.2438) = 0.8714245547676019
mAP(epsilon=0.24389999999999998) = 0.8714247737408177
mAP(epsilon=0.2440070317072537) = 0.871425836347881
mAP(epsilon=0.24413431457505075) = 0.8714266700263096
mAP(epsilon=0.24428568026705294) = 0.871426625205453
mAP(epsilon=0.24446568542494923) = 0.8714248119921333
mAP(epsilon=0.2446797488394567) = 0.8714250509454002
mAP(epsilon=0.24493431457505074) = 0.8714192918703704
mAP(epsilon=0.2452370459590551) = 0.8714163014470118
mAP(epsilon=0.2455970562748477) = 0.8714135355107003
mAP(epsilon=0.24602518310386265) = 0.8714166260932181
mAP(epsilon=0.24653431457505076) = 0.8714127660162052
mAP(epsilon=0.24713977734305945) = 0.8714340502995568
mAP(epsilon=0.24785979797464466) = 0.871437184861866
mAP(epsilon=0.24871605163267452) = 0.8714356666852585
mAP(epsilon=0.24973431457505074) = 0.8714285870272621
mAP(epsilon=0.25094524011106817) = 0.8714274806989494
mAP(epsilon=0.25238528137423855) = 0.8714202027348492
mAP(epsilon=0.2540977886902983) = 0.8714090213702624
mAP(epsilon=0.25613431457505076) = 0.8714041147523568
mAP(epsilon=0.25855616564708556) = 0.8714003925834808
mAP(epsilon=0.26143624817342637) = 0.8714153106479837
mAP(epsilon=0.26486126280554584) = 0.8714141313974493
mAP(epsilon=0.26893431457505074) = 0.871410210167321
mAP(epsilon=0.2737780167191204) = 0.8714037715250887
mAP(epsilon=0.27953818177180195) = 0.8714340064543962
mAP(epsilon=0.2863882110360409) = 0.8714521436395299
mAP(epsilon=0.2945343145750507) = 0.871426455041858
mAP(epsilon=0.30422171886319) = 0.8714137452142399
mAP(epsilon=0.3157420489685531) = 0.8714146899175572
mAP(epsilon=0.329442107497031) = 0.8713593555037765
mAP(epsilon=0.3457343145750506) = 0.8713479141211056
mAP(epsilon=0.3651091231513292) = 0.8713974663596412
mAP(epsilon=0.3881497833620555) = 0.8713593918633379
mAP(epsilon=0.41554990041901124) = 0.871310247497238
mAP(epsilon=0.4481343145750505) = 0.8712811736342216
mAP(epsilon=0.4868839317276077) = 0.8711454197001064
best epsilon = 0.2863882110360409 ; mAP = 0.8714521436395299
--------------------
Hyperparameter search on /usr/scratch4/angel8547/results/UAL/16/raw_model_outputs.json
--------------------
loading /usr/scratch4/angel8547/results/UAL/16/raw_model_outputs.json...
DONE!
mAP(epsilon=0) = 0.8657555556677593
mAP(epsilon=0.0007160682723923173) = 0.8658108018670824
mAP(epsilon=0.03946568542494952) = 0.8677603547084907
mAP(epsilon=0.07205009958098874) = 0.8686184183817771
mAP(epsilon=0.09945021663794448) = 0.8689520608890295
mAP(epsilon=0.12249087684867076) = 0.869028786974833
mAP(epsilon=0.14186568542494937) = 0.8691430148294668
mAP(epsilon=0.15815789250296897) = 0.8692020525561208
mAP(epsilon=0.17185795103144685) = 0.8692591506327171
mAP(epsilon=0.18337828113680998) = 0.869289218382563
mAP(epsilon=0.19306568542494928) = 0.8692619242821757
mAP(epsilon=0.20121178896395908) = 0.8692425800584522
mAP(epsilon=0.20806181822819803) = 0.8692551068020663
mAP(epsilon=0.2138219832808796) = 0.8693260472480007
mAP(epsilon=0.21866568542494924) = 0.8693271322247668
mAP(epsilon=0.22273873719445414) = 0.8693160867872503
mAP(epsilon=0.22616375182657364) = 0.8693231554532079
mAP(epsilon=0.22904383435291442) = 0.8693314977557841
mAP(epsilon=0.23146568542494925) = 0.8693436488959315
mAP(epsilon=0.2335022113097017) = 0.8693447166104951
mAP(epsilon=0.23521471862576143) = 0.8693394623789245
mAP(epsilon=0.2366547598889318) = 0.8693365552689779
mAP(epsilon=0.23786568542494924) = 0.8693318135437575
mAP(epsilon=0.23888394836732546) = 0.8693216099625696
mAP(epsilon=0.23974020202535531) = 0.8693259975550554
mAP(epsilon=0.24046022265694053) = 0.8693261377559918
mAP(epsilon=0.24106568542494922) = 0.8693201673798973
mAP(epsilon=0.24157481689613733) = 0.8693224761564594
mAP(epsilon=0.24200294372515227) = 0.8693504927432238
mAP(epsilon=0.24236295404094488) = 0.8693523783306539
mAP(epsilon=0.24266568542494923) = 0.8693547177376265
mAP(epsilon=0.24292025116054328) = 0.8693518781034835
mAP(epsilon=0.24313431457505075) = 0.8693488539448153
mAP(epsilon=0.24331431973294704) = 0.8693489807609923
mAP(epsilon=0.24346568542494923) = 0.8693465698222755
mAP(epsilon=0.24359296829274626) = 0.869345264753252
mAP(epsilon=0.2437) = 0.8693450285773894
mAP(epsilon=0.2438) = 0.8693441248010726
mAP(epsilon=0.24389999999999998) = 0.8693437489793022
mAP(epsilon=0.2440070317072537) = 0.8693427161373611
mAP(epsilon=0.24413431457505075) = 0.8693452126351962
mAP(epsilon=0.24428568026705294) = 0.8693463955608753
mAP(epsilon=0.24446568542494923) = 0.8693508084470501
mAP(epsilon=0.2446797488394567) = 0.8693540252920754
mAP(epsilon=0.24493431457505074) = 0.8693469553074809
mAP(epsilon=0.2452370459590551) = 0.8693441776886631
mAP(epsilon=0.2455970562748477) = 0.8693453964130085
mAP(epsilon=0.24602518310386265) = 0.869342935284903
mAP(epsilon=0.24653431457505076) = 0.8693359459632177
mAP(epsilon=0.24713977734305945) = 0.8693330715019899
mAP(epsilon=0.24785979797464466) = 0.8693355498769126
mAP(epsilon=0.24871605163267452) = 0.8693366265734602
mAP(epsilon=0.24973431457505074) = 0.8693399617131675
mAP(epsilon=0.25094524011106817) = 0.8693304486898142
mAP(epsilon=0.25238528137423855) = 0.8693208047395734
mAP(epsilon=0.2540977886902983) = 0.8692955179684042
mAP(epsilon=0.25613431457505076) = 0.8692859242185605
mAP(epsilon=0.25855616564708556) = 0.8692467877358144
mAP(epsilon=0.26143624817342637) = 0.8692563826948099
mAP(epsilon=0.26486126280554584) = 0.8692461389596546
mAP(epsilon=0.26893431457505074) = 0.8692527243286696
mAP(epsilon=0.2737780167191204) = 0.8692390900959571
mAP(epsilon=0.27953818177180195) = 0.8692122473096956
mAP(epsilon=0.2863882110360409) = 0.8691889986298418
mAP(epsilon=0.2945343145750507) = 0.8691499463457313
mAP(epsilon=0.30422171886319) = 0.8691605194909525
mAP(epsilon=0.3157420489685531) = 0.8691418531603964
mAP(epsilon=0.329442107497031) = 0.8691063553395266
mAP(epsilon=0.3457343145750506) = 0.8690861591554371
mAP(epsilon=0.3651091231513292) = 0.8691560455541875
mAP(epsilon=0.3881497833620555) = 0.8690725040265731
mAP(epsilon=0.41554990041901124) = 0.8690810920553635
mAP(epsilon=0.4481343145750505) = 0.8689624978954186
mAP(epsilon=0.4868839317276077) = 0.8689010210477401
best epsilon = 0.24266568542494923 ; mAP = 0.8693547177376265
--------------------
Hyperparameter search on /usr/scratch4/angel8547/results/UAL/17/raw_model_outputs.json
--------------------
loading /usr/scratch4/angel8547/results/UAL/17/raw_model_outputs.json...
DONE!
mAP(epsilon=0) = 0.8684892388375848
mAP(epsilon=0.0007160682723923173) = 0.8685987766979273
mAP(epsilon=0.03946568542494952) = 0.8713807472666248
mAP(epsilon=0.07205009958098874) = 0.8723289295225556
mAP(epsilon=0.09945021663794448) = 0.8729093689581481
mAP(epsilon=0.12249087684867076) = 0.8731137613812944
mAP(epsilon=0.14186568542494937) = 0.8732442768330513
mAP(epsilon=0.15815789250296897) = 0.8733052682882233
mAP(epsilon=0.17185795103144685) = 0.873373614845301
mAP(epsilon=0.18337828113680998) = 0.8734252449404977
mAP(epsilon=0.19306568542494928) = 0.8734241276368548
mAP(epsilon=0.20121178896395908) = 0.8734761154726561
mAP(epsilon=0.20806181822819803) = 0.8735409602819427
mAP(epsilon=0.2138219832808796) = 0.8735476384183234
mAP(epsilon=0.21866568542494924) = 0.873528983728856
mAP(epsilon=0.22273873719445414) = 0.873537064183069
mAP(epsilon=0.22616375182657364) = 0.8735270391713025
mAP(epsilon=0.22904383435291442) = 0.8734870280415539
mAP(epsilon=0.23146568542494925) = 0.8734879848957638
mAP(epsilon=0.2335022113097017) = 0.873453744264252
mAP(epsilon=0.23521471862576143) = 0.8734806873527645
mAP(epsilon=0.2366547598889318) = 0.8734676561122009
mAP(epsilon=0.23786568542494924) = 0.8734688594263197
mAP(epsilon=0.23888394836732546) = 0.8734672129104992
mAP(epsilon=0.23974020202535531) = 0.8734739547411556
mAP(epsilon=0.24046022265694053) = 0.8734809021439915
mAP(epsilon=0.24106568542494922) = 0.873482485443449
mAP(epsilon=0.24157481689613733) = 0.873488256124493
mAP(epsilon=0.24200294372515227) = 0.8734901236948878
mAP(epsilon=0.24236295404094488) = 0.8734771459054238
mAP(epsilon=0.24266568542494923) = 0.8734797678203868
mAP(epsilon=0.24292025116054328) = 0.8734792372358664
mAP(epsilon=0.24313431457505075) = 0.8734727376017712
mAP(epsilon=0.24331431973294704) = 0.8734671622790473
mAP(epsilon=0.24346568542494923) = 0.8734676494889356
mAP(epsilon=0.24359296829274626) = 0.873468307352869
mAP(epsilon=0.2437) = 0.873468554387534
mAP(epsilon=0.2438) = 0.8734704344121463
mAP(epsilon=0.24389999999999998) = 0.8734671634024516
mAP(epsilon=0.2440070317072537) = 0.8734672016560012
mAP(epsilon=0.24413431457505075) = 0.8734598186696959
mAP(epsilon=0.24428568026705294) = 0.8734629246459249
mAP(epsilon=0.24446568542494923) = 0.8734588157462424
mAP(epsilon=0.2446797488394567) = 0.873456305510685
mAP(epsilon=0.24493431457505074) = 0.8734574652329842
mAP(epsilon=0.2452370459590551) = 0.87345659203148
mAP(epsilon=0.2455970562748477) = 0.8734571755918021
mAP(epsilon=0.24602518310386265) = 0.8734513932999952
mAP(epsilon=0.24653431457505076) = 0.8734479090870853
mAP(epsilon=0.24713977734305945) = 0.8734483995992033
mAP(epsilon=0.24785979797464466) = 0.8734385522468162
mAP(epsilon=0.24871605163267452) = 0.8734395989354273
mAP(epsilon=0.24973431457505074) = 0.8734433962510489
mAP(epsilon=0.25094524011106817) = 0.8734368012251906
mAP(epsilon=0.25238528137423855) = 0.8734259415874397
mAP(epsilon=0.2540977886902983) = 0.8734297051217295
mAP(epsilon=0.25613431457505076) = 0.8734282966974577
mAP(epsilon=0.25855616564708556) = 0.8734238670137703
mAP(epsilon=0.26143624817342637) = 0.8734350811644299
mAP(epsilon=0.26486126280554584) = 0.8734291873181055
mAP(epsilon=0.26893431457505074) = 0.8734164830790818
mAP(epsilon=0.2737780167191204) = 0.8734008892851068
mAP(epsilon=0.27953818177180195) = 0.8733854976516384
mAP(epsilon=0.2863882110360409) = 0.8732307601668825
mAP(epsilon=0.2945343145750507) = 0.8732068160065134
mAP(epsilon=0.30422171886319) = 0.8732087456346302
mAP(epsilon=0.3157420489685531) = 0.873197797619269
mAP(epsilon=0.329442107497031) = 0.8731506352757474
mAP(epsilon=0.3457343145750506) = 0.8731373170717039
mAP(epsilon=0.3651091231513292) = 0.8731775674544966
mAP(epsilon=0.3881497833620555) = 0.8730384722467521
mAP(epsilon=0.41554990041901124) = 0.8729161500774818
mAP(epsilon=0.4481343145750505) = 0.8729001194324572
mAP(epsilon=0.4868839317276077) = 0.8728640979822494
best epsilon = 0.2138219832808796 ; mAP = 0.8735476384183234
--------------------
Hyperparameter search on /usr/scratch4/angel8547/results/UAL/18/raw_model_outputs.json
--------------------
loading /usr/scratch4/angel8547/results/UAL/18/raw_model_outputs.json...
DONE!
mAP(epsilon=0) = 0.8711067731203022
mAP(epsilon=0.0007160682723923173) = 0.8711396757527391
mAP(epsilon=0.03946568542494952) = 0.8731650448352021
mAP(epsilon=0.07205009958098874) = 0.873738606131012
mAP(epsilon=0.09945021663794448) = 0.8738642170347968
mAP(epsilon=0.12249087684867076) = 0.8740761539146682
mAP(epsilon=0.14186568542494937) = 0.8742054485780048
mAP(epsilon=0.15815789250296897) = 0.874078329891856
mAP(epsilon=0.17185795103144685) = 0.8741555153381885
mAP(epsilon=0.18337828113680998) = 0.8741660404207836
mAP(epsilon=0.19306568542494928) = 0.8741491127566867
mAP(epsilon=0.20121178896395908) = 0.8740943215510097
mAP(epsilon=0.20806181822819803) = 0.8740818249754511
mAP(epsilon=0.2138219832808796) = 0.8740601546202099
mAP(epsilon=0.21866568542494924) = 0.8740401100891754
mAP(epsilon=0.22273873719445414) = 0.8740311895801921
mAP(epsilon=0.22616375182657364) = 0.8740647018901588
mAP(epsilon=0.22904383435291442) = 0.8740519509257383
mAP(epsilon=0.23146568542494925) = 0.8740644327222371
mAP(epsilon=0.2335022113097017) = 0.8740617320002201
mAP(epsilon=0.23521471862576143) = 0.8740627940082657
mAP(epsilon=0.2366547598889318) = 0.8740617507840482
mAP(epsilon=0.23786568542494924) = 0.8740642213216696
mAP(epsilon=0.23888394836732546) = 0.8740705365201474
mAP(epsilon=0.23974020202535531) = 0.8740728584862233
mAP(epsilon=0.24046022265694053) = 0.874067315233311
mAP(epsilon=0.24106568542494922) = 0.8740673353430009
mAP(epsilon=0.24157481689613733) = 0.8740620703867281
mAP(epsilon=0.24200294372515227) = 0.8740618903975137
mAP(epsilon=0.24236295404094488) = 0.8740686881727987
mAP(epsilon=0.24266568542494923) = 0.874067031317315
mAP(epsilon=0.24292025116054328) = 0.8740647585563769
mAP(epsilon=0.24313431457505075) = 0.8740659605947174
mAP(epsilon=0.24331431973294704) = 0.8740636489056741
mAP(epsilon=0.24346568542494923) = 0.8740593647827865
mAP(epsilon=0.24359296829274626) = 0.8740642495478922
mAP(epsilon=0.2437) = 0.8740581707037784
mAP(epsilon=0.2438) = 0.8740591312638455
mAP(epsilon=0.24389999999999998) = 0.8740614751475969
mAP(epsilon=0.2440070317072537) = 0.874058970054573
mAP(epsilon=0.24413431457505075) = 0.8740559828852327
mAP(epsilon=0.24428568026705294) = 0.8740547301512052
mAP(epsilon=0.24446568542494923) = 0.8740516686769372
mAP(epsilon=0.2446797488394567) = 0.8740504174131137
mAP(epsilon=0.24493431457505074) = 0.8740505622847461
mAP(epsilon=0.2452370459590551) = 0.8740491305964494
mAP(epsilon=0.2455970562748477) = 0.8740476942241016
mAP(epsilon=0.24602518310386265) = 0.8740563899526104
mAP(epsilon=0.24653431457505076) = 0.8740481709447819
mAP(epsilon=0.24713977734305945) = 0.8740447597179526
mAP(epsilon=0.24785979797464466) = 0.8740449364537634
mAP(epsilon=0.24871605163267452) = 0.874047627512458
mAP(epsilon=0.24973431457505074) = 0.874039468905534
mAP(epsilon=0.25094524011106817) = 0.8740362401043235
mAP(epsilon=0.25238528137423855) = 0.8740370329796917
mAP(epsilon=0.2540977886902983) = 0.8740302645314687
mAP(epsilon=0.25613431457505076) = 0.8739858708040237
mAP(epsilon=0.25855616564708556) = 0.8740014128096381
mAP(epsilon=0.26143624817342637) = 0.8740639436351303
mAP(epsilon=0.26486126280554584) = 0.8740205315240717
mAP(epsilon=0.26893431457505074) = 0.8740135851405769
mAP(epsilon=0.2737780167191204) = 0.8739882246125713
mAP(epsilon=0.27953818177180195) = 0.8739699993381527
mAP(epsilon=0.2863882110360409) = 0.8739633482340536
mAP(epsilon=0.2945343145750507) = 0.8739926836737103
mAP(epsilon=0.30422171886319) = 0.8739793988769418
mAP(epsilon=0.3157420489685531) = 0.8739703882379463
mAP(epsilon=0.329442107497031) = 0.8738810710390533
mAP(epsilon=0.3457343145750506) = 0.8738200702562485
mAP(epsilon=0.3651091231513292) = 0.8737979038698946
mAP(epsilon=0.3881497833620555) = 0.873827410851622
mAP(epsilon=0.41554990041901124) = 0.8737141863920833
mAP(epsilon=0.4481343145750505) = 0.8736387568518511
mAP(epsilon=0.4868839317276077) = 0.8735468437536701
best epsilon = 0.14186568542494937 ; mAP = 0.8742054485780048
--------------------
Hyperparameter search on /usr/scratch4/angel8547/results/UAL/19/raw_model_outputs.json
--------------------
loading /usr/scratch4/angel8547/results/UAL/19/raw_model_outputs.json...
DONE!
mAP(epsilon=0) = 0.8668652704201738
mAP(epsilon=0.0007160682723923173) = 0.8669297776860769
mAP(epsilon=0.03946568542494952) = 0.8695726242954033
mAP(epsilon=0.07205009958098874) = 0.8708012785735757
mAP(epsilon=0.09945021663794448) = 0.8713458116798862
mAP(epsilon=0.12249087684867076) = 0.8714915177018089
mAP(epsilon=0.14186568542494937) = 0.8717180617048358
mAP(epsilon=0.15815789250296897) = 0.8718700698516969
mAP(epsilon=0.17185795103144685) = 0.8719485613606204
mAP(epsilon=0.18337828113680998) = 0.8719966698571826
mAP(epsilon=0.19306568542494928) = 0.8719805250368476
mAP(epsilon=0.20121178896395908) = 0.8719206211546541
mAP(epsilon=0.20806181822819803) = 0.871949066529927
mAP(epsilon=0.2138219832808796) = 0.8719360785398735
mAP(epsilon=0.21866568542494924) = 0.8719508819584946
mAP(epsilon=0.22273873719445414) = 0.8719638854311982
mAP(epsilon=0.22616375182657364) = 0.8719631463701302
mAP(epsilon=0.22904383435291442) = 0.8719889234749739
mAP(epsilon=0.23146568542494925) = 0.8720071114902215
mAP(epsilon=0.2335022113097017) = 0.872040508176785
mAP(epsilon=0.23521471862576143) = 0.8720986354932927
mAP(epsilon=0.2366547598889318) = 0.8721029224661303
mAP(epsilon=0.23786568542494924) = 0.8720977344193064
mAP(epsilon=0.23888394836732546) = 0.8721035709255208
mAP(epsilon=0.23974020202535531) = 0.8720932912253797
mAP(epsilon=0.24046022265694053) = 0.8720953104588414
mAP(epsilon=0.24106568542494922) = 0.8720986875529568
mAP(epsilon=0.24157481689613733) = 0.8721007676899163
mAP(epsilon=0.24200294372515227) = 0.8721050611711152
mAP(epsilon=0.24236295404094488) = 0.8721026789872238
mAP(epsilon=0.24266568542494923) = 0.8721033555373772
mAP(epsilon=0.24292025116054328) = 0.8720994944695245
mAP(epsilon=0.24313431457505075) = 0.8721024625154148
mAP(epsilon=0.24331431973294704) = 0.8721034626146259
mAP(epsilon=0.24346568542494923) = 0.8721024173258509
mAP(epsilon=0.24359296829274626) = 0.872098444277834
mAP(epsilon=0.2437) = 0.8720955564708314
mAP(epsilon=0.2438) = 0.8720982231146569
mAP(epsilon=0.24389999999999998) = 0.8720970220210872
mAP(epsilon=0.2440070317072537) = 0.8720965128119355
mAP(epsilon=0.24413431457505075) = 0.8720980730178081
mAP(epsilon=0.24428568026705294) = 0.8720983928029484
mAP(epsilon=0.24446568542494923) = 0.8720971364701879
mAP(epsilon=0.2446797488394567) = 0.872100514853351
mAP(epsilon=0.24493431457505074) = 0.8721018052755773
mAP(epsilon=0.2452370459590551) = 0.8721135860821838
mAP(epsilon=0.2455970562748477) = 0.872125057128968
mAP(epsilon=0.24602518310386265) = 0.8721239014926572
mAP(epsilon=0.24653431457505076) = 0.8721265308135733
mAP(epsilon=0.24713977734305945) = 0.872126602948772
mAP(epsilon=0.24785979797464466) = 0.8721239538129901
mAP(epsilon=0.24871605163267452) = 0.8721265875206408
mAP(epsilon=0.24973431457505074) = 0.8721277193033175
mAP(epsilon=0.25094524011106817) = 0.8721289022607552
mAP(epsilon=0.25238528137423855) = 0.8721338050550494
mAP(epsilon=0.2540977886902983) = 0.8721350494372929
mAP(epsilon=0.25613431457505076) = 0.8721211545526969
mAP(epsilon=0.25855616564708556) = 0.872122131161124
mAP(epsilon=0.26143624817342637) = 0.8721237163206093
mAP(epsilon=0.26486126280554584) = 0.8721269951311147
mAP(epsilon=0.26893431457505074) = 0.8721337705601551
mAP(epsilon=0.2737780167191204) = 0.8721406554412346
mAP(epsilon=0.27953818177180195) = 0.8721195314537203
mAP(epsilon=0.2863882110360409) = 0.8721004114705712
mAP(epsilon=0.2945343145750507) = 0.8720804310822726
mAP(epsilon=0.30422171886319) = 0.8720447447653046
mAP(epsilon=0.3157420489685531) = 0.872053371399967
mAP(epsilon=0.329442107497031) = 0.8720220544905958
mAP(epsilon=0.3457343145750506) = 0.871988537590892
mAP(epsilon=0.3651091231513292) = 0.8719965926230999
mAP(epsilon=0.3881497833620555) = 0.8719610225834225
mAP(epsilon=0.41554990041901124) = 0.8719657900525403
mAP(epsilon=0.4481343145750505) = 0.8719339507039857
mAP(epsilon=0.4868839317276077) = 0.8719717540218861
best epsilon = 0.2737780167191204 ; mAP = 0.8721406554412346
--------------------
Hyperparameter search on /usr/scratch4/angel8547/results/UAL/21/raw_model_outputs.json
--------------------
loading /usr/scratch4/angel8547/results/UAL/21/raw_model_outputs.json...
DONE!
mAP(epsilon=0) = 0.8663401275666142
mAP(epsilon=0.0007160682723923173) = 0.8664383635606403
mAP(epsilon=0.03946568542494952) = 0.8688818724570431
mAP(epsilon=0.07205009958098874) = 0.8695945670328811
mAP(epsilon=0.09945021663794448) = 0.8699385305292742
mAP(epsilon=0.12249087684867076) = 0.8701780148123949
mAP(epsilon=0.14186568542494937) = 0.8702446777152918
mAP(epsilon=0.15815789250296897) = 0.8703714071099727
mAP(epsilon=0.17185795103144685) = 0.8704511218720868
mAP(epsilon=0.18337828113680998) = 0.8704788608886145
mAP(epsilon=0.19306568542494928) = 0.8704379138422422
mAP(epsilon=0.20121178896395908) = 0.8704745768311132
mAP(epsilon=0.20806181822819803) = 0.8704710535556339
mAP(epsilon=0.2138219832808796) = 0.8704658822351125
mAP(epsilon=0.21866568542494924) = 0.8704793667841303
mAP(epsilon=0.22273873719445414) = 0.8704893623785216
mAP(epsilon=0.22616375182657364) = 0.870493215828835
mAP(epsilon=0.22904383435291442) = 0.8704987651145667
mAP(epsilon=0.23146568542494925) = 0.8705137411149051
mAP(epsilon=0.2335022113097017) = 0.8705213694344492
mAP(epsilon=0.23521471862576143) = 0.8705388497289221
mAP(epsilon=0.2366547598889318) = 0.8705522806868238
mAP(epsilon=0.23786568542494924) = 0.87055031984333
mAP(epsilon=0.23888394836732546) = 0.8705466843547136
mAP(epsilon=0.23974020202535531) = 0.870549409639416
mAP(epsilon=0.24046022265694053) = 0.8705494235991919
mAP(epsilon=0.24106568542494922) = 0.8705510183130071
mAP(epsilon=0.24157481689613733) = 0.8705639481616028
mAP(epsilon=0.24200294372515227) = 0.8705675517572329
mAP(epsilon=0.24236295404094488) = 0.8705697156399534
mAP(epsilon=0.24266568542494923) = 0.8705710721897569
mAP(epsilon=0.24292025116054328) = 0.8705713966158086
mAP(epsilon=0.24313431457505075) = 0.8705713651332345
mAP(epsilon=0.24331431973294704) = 0.87057254297334
mAP(epsilon=0.24346568542494923) = 0.8705733199206122
mAP(epsilon=0.24359296829274626) = 0.870571427059388
mAP(epsilon=0.2437) = 0.870569661119406
mAP(epsilon=0.2438) = 0.8705710067874475
mAP(epsilon=0.24389999999999998) = 0.8705727959188336
mAP(epsilon=0.2440070317072537) = 0.87057499679945
mAP(epsilon=0.24413431457505075) = 0.8705749667806691
mAP(epsilon=0.24428568026705294) = 0.8705838736077561
mAP(epsilon=0.24446568542494923) = 0.8705848129734933
mAP(epsilon=0.2446797488394567) = 0.8705880980221248
mAP(epsilon=0.24493431457505074) = 0.8705936579338288
mAP(epsilon=0.2452370459590551) = 0.8705920357723457
mAP(epsilon=0.2455970562748477) = 0.8705918303687705
mAP(epsilon=0.24602518310386265) = 0.8705954938168406
mAP(epsilon=0.24653431457505076) = 0.8705966322091958
mAP(epsilon=0.24713977734305945) = 0.870607002435967
mAP(epsilon=0.24785979797464466) = 0.8706780059468296
mAP(epsilon=0.24871605163267452) = 0.8706766315934585
mAP(epsilon=0.24973431457505074) = 0.8706969509600279
mAP(epsilon=0.25094524011106817) = 0.8707009945583387
mAP(epsilon=0.25238528137423855) = 0.870712099169287
mAP(epsilon=0.2540977886902983) = 0.8707078367235338
mAP(epsilon=0.25613431457505076) = 0.8707148147209166
mAP(epsilon=0.25855616564708556) = 0.8707229169896064
mAP(epsilon=0.26143624817342637) = 0.8707404514687594
mAP(epsilon=0.26486126280554584) = 0.8707081836250404
mAP(epsilon=0.26893431457505074) = 0.8707042685634605
mAP(epsilon=0.2737780167191204) = 0.8707155745980151
mAP(epsilon=0.27953818177180195) = 0.8707567463704909
mAP(epsilon=0.2863882110360409) = 0.8707824215060919
mAP(epsilon=0.2945343145750507) = 0.8707820526365558
mAP(epsilon=0.30422171886319) = 0.870764091529412
mAP(epsilon=0.3157420489685531) = 0.8707739413421977
mAP(epsilon=0.329442107497031) = 0.8708309898375107
mAP(epsilon=0.3457343145750506) = 0.8708200364946288
mAP(epsilon=0.3651091231513292) = 0.8707477473372823
mAP(epsilon=0.3881497833620555) = 0.8706742335516716
mAP(epsilon=0.41554990041901124) = 0.8705745658022237
mAP(epsilon=0.4481343145750505) = 0.8705296249057516
mAP(epsilon=0.4868839317276077) = 0.870488917853892
best epsilon = 0.329442107497031 ; mAP = 0.8708309898375107
--------------------
Hyperparameter search on /usr/scratch4/angel8547/results/UAL/22/raw_model_outputs.json
--------------------
loading /usr/scratch4/angel8547/results/UAL/22/raw_model_outputs.json...
DONE!
mAP(epsilon=0) = 0.8696118783649842
mAP(epsilon=0.0007160682723923173) = 0.8697588316006271
mAP(epsilon=0.03946568542494952) = 0.8717737753293654
mAP(epsilon=0.07205009958098874) = 0.8725458740136566
mAP(epsilon=0.09945021663794448) = 0.8729365349414617
mAP(epsilon=0.12249087684867076) = 0.873091205419714
mAP(epsilon=0.14186568542494937) = 0.8731509000961214
mAP(epsilon=0.15815789250296897) = 0.873327385431033
mAP(epsilon=0.17185795103144685) = 0.8733677368431603
mAP(epsilon=0.18337828113680998) = 0.8734039742673125
mAP(epsilon=0.19306568542494928) = 0.8733882486804704
mAP(epsilon=0.20121178896395908) = 0.8733903711934203
mAP(epsilon=0.20806181822819803) = 0.8734262327012019
mAP(epsilon=0.2138219832808796) = 0.8734663903970843
mAP(epsilon=0.21866568542494924) = 0.8734483632858518
mAP(epsilon=0.22273873719445414) = 0.8734395450568493
mAP(epsilon=0.22616375182657364) = 0.8734244518928669
mAP(epsilon=0.22904383435291442) = 0.8734283781793474
mAP(epsilon=0.23146568542494925) = 0.8734215964027412
mAP(epsilon=0.2335022113097017) = 0.8734111811286028
mAP(epsilon=0.23521471862576143) = 0.873419434571305
mAP(epsilon=0.2366547598889318) = 0.8734065688317909
mAP(epsilon=0.23786568542494924) = 0.8734063124252613
mAP(epsilon=0.23888394836732546) = 0.8734033494992663
mAP(epsilon=0.23974020202535531) = 0.8733948948233012
mAP(epsilon=0.24046022265694053) = 0.8733929372407921
mAP(epsilon=0.24106568542494922) = 0.8733952670849101
mAP(epsilon=0.24157481689613733) = 0.8733866247933727
mAP(epsilon=0.24200294372515227) = 0.8733735357133167
mAP(epsilon=0.24236295404094488) = 0.873379255872831
mAP(epsilon=0.24266568542494923) = 0.873361968099621
mAP(epsilon=0.24292025116054328) = 0.8733644390518339
mAP(epsilon=0.24313431457505075) = 0.8733671359242206
mAP(epsilon=0.24331431973294704) = 0.8733729963525186
mAP(epsilon=0.24346568542494923) = 0.87338186691157
mAP(epsilon=0.24359296829274626) = 0.8733813429942086
mAP(epsilon=0.2437) = 0.8733701709662466
mAP(epsilon=0.2438) = 0.8733706495170502
mAP(epsilon=0.24389999999999998) = 0.8733686992124129
mAP(epsilon=0.2440070317072537) = 0.8733686877810645
mAP(epsilon=0.24413431457505075) = 0.8733684735351134
mAP(epsilon=0.24428568026705294) = 0.8733689122535088
mAP(epsilon=0.24446568542494923) = 0.8733698269746952
mAP(epsilon=0.2446797488394567) = 0.8733620028596746
mAP(epsilon=0.24493431457505074) = 0.8733631537207514
mAP(epsilon=0.2452370459590551) = 0.8733637386385774
mAP(epsilon=0.2455970562748477) = 0.873368491280802
mAP(epsilon=0.24602518310386265) = 0.873367258280412
mAP(epsilon=0.24653431457505076) = 0.8733747886958055
mAP(epsilon=0.24713977734305945) = 0.8733778774245149
mAP(epsilon=0.24785979797464466) = 0.8733710155784478
mAP(epsilon=0.24871605163267452) = 0.8733689218105611
mAP(epsilon=0.24973431457505074) = 0.873374491793847
mAP(epsilon=0.25094524011106817) = 0.8733536369590327
mAP(epsilon=0.25238528137423855) = 0.8733533196943457
mAP(epsilon=0.2540977886902983) = 0.8733596745377836
mAP(epsilon=0.25613431457505076) = 0.8733802294047924
mAP(epsilon=0.25855616564708556) = 0.8733784292143492
mAP(epsilon=0.26143624817342637) = 0.8733800273602164
mAP(epsilon=0.26486126280554584) = 0.8733545602310493
mAP(epsilon=0.26893431457505074) = 0.8733481196983897
mAP(epsilon=0.2737780167191204) = 0.8733437256808914
mAP(epsilon=0.27953818177180195) = 0.8733670812756467
mAP(epsilon=0.2863882110360409) = 0.8733935643789785
mAP(epsilon=0.2945343145750507) = 0.8733848771378474
mAP(epsilon=0.30422171886319) = 0.8733459814847145
mAP(epsilon=0.3157420489685531) = 0.8733975032978846
mAP(epsilon=0.329442107497031) = 0.8733737105182074
mAP(epsilon=0.3457343145750506) = 0.8733078869441538
mAP(epsilon=0.3651091231513292) = 0.8732722711561877
mAP(epsilon=0.3881497833620555) = 0.8732185374447801
mAP(epsilon=0.41554990041901124) = 0.8731651793926408
mAP(epsilon=0.4481343145750505) = 0.8731165920109716
mAP(epsilon=0.4868839317276077) = 0.8729885049780555
best epsilon = 0.2138219832808796 ; mAP = 0.8734663903970843
--------------------
Hyperparameter search on /usr/scratch4/angel8547/results/UAL/23/raw_model_outputs.json
--------------------
loading /usr/scratch4/angel8547/results/UAL/23/raw_model_outputs.json...
DONE!
mAP(epsilon=0) = 0.8661339381321759
mAP(epsilon=0.0007160682723923173) = 0.8662095718331899
mAP(epsilon=0.03946568542494952) = 0.8690021972508347
mAP(epsilon=0.07205009958098874) = 0.8702824228041377
mAP(epsilon=0.09945021663794448) = 0.8708706008832273
mAP(epsilon=0.12249087684867076) = 0.871150725032281
mAP(epsilon=0.14186568542494937) = 0.8713641556487435
mAP(epsilon=0.15815789250296897) = 0.8714709800189823
mAP(epsilon=0.17185795103144685) = 0.8715207770429724
mAP(epsilon=0.18337828113680998) = 0.8715402569224431
mAP(epsilon=0.19306568542494928) = 0.8716095848570912
mAP(epsilon=0.20121178896395908) = 0.8716661152140988
mAP(epsilon=0.20806181822819803) = 0.8716909241908705
mAP(epsilon=0.2138219832808796) = 0.8717103563888439
mAP(epsilon=0.21866568542494924) = 0.8716754393466122
mAP(epsilon=0.22273873719445414) = 0.8716704799457358
mAP(epsilon=0.22616375182657364) = 0.8716806893063473
mAP(epsilon=0.22904383435291442) = 0.8716638829338708
mAP(epsilon=0.23146568542494925) = 0.871655956740761
mAP(epsilon=0.2335022113097017) = 0.8717100509681297
mAP(epsilon=0.23521471862576143) = 0.8717155920617259
mAP(epsilon=0.2366547598889318) = 0.87172552724296
mAP(epsilon=0.23786568542494924) = 0.8717305449056031
mAP(epsilon=0.23888394836732546) = 0.8717166781826858
mAP(epsilon=0.23974020202535531) = 0.8717125731281784
mAP(epsilon=0.24046022265694053) = 0.871708717358964
mAP(epsilon=0.24106568542494922) = 0.8717026495268617
mAP(epsilon=0.24157481689613733) = 0.8716944201669119
mAP(epsilon=0.24200294372515227) = 0.8716993280762898
mAP(epsilon=0.24236295404094488) = 0.8717009400458271
mAP(epsilon=0.24266568542494923) = 0.8716983798261323
mAP(epsilon=0.24292025116054328) = 0.8716948635398779
mAP(epsilon=0.24313431457505075) = 0.8716947490607211
mAP(epsilon=0.24331431973294704) = 0.8716994172630923
mAP(epsilon=0.24346568542494923) = 0.8716961927609715
mAP(epsilon=0.24359296829274626) = 0.8716966736504596
mAP(epsilon=0.2437) = 0.8716956413130842
mAP(epsilon=0.2438) = 0.8716948413449896
mAP(epsilon=0.24389999999999998) = 0.8716954234644086
mAP(epsilon=0.2440070317072537) = 0.8716948899919725
mAP(epsilon=0.24413431457505075) = 0.8716937341928139
mAP(epsilon=0.24428568026705294) = 0.8716941783007621
mAP(epsilon=0.24446568542494923) = 0.8716932671753731
mAP(epsilon=0.2446797488394567) = 0.8716894655216717
mAP(epsilon=0.24493431457505074) = 0.8716887615317118
mAP(epsilon=0.2452370459590551) = 0.8716887114779573
mAP(epsilon=0.2455970562748477) = 0.871689239495058
mAP(epsilon=0.24602518310386265) = 0.8716909307103808
mAP(epsilon=0.24653431457505076) = 0.8716897751844654
mAP(epsilon=0.24713977734305945) = 0.8716899254327009
mAP(epsilon=0.24785979797464466) = 0.8716932339927356
mAP(epsilon=0.24871605163267452) = 0.8716932040262221
mAP(epsilon=0.24973431457505074) = 0.8716961076786676
mAP(epsilon=0.25094524011106817) = 0.8716839296506751
mAP(epsilon=0.25238528137423855) = 0.871682493410417
mAP(epsilon=0.2540977886902983) = 0.8716831032354397
mAP(epsilon=0.25613431457505076) = 0.8716924332663799
mAP(epsilon=0.25855616564708556) = 0.8716828634352931
mAP(epsilon=0.26143624817342637) = 0.8716978985465625
mAP(epsilon=0.26486126280554584) = 0.8717205581891321
mAP(epsilon=0.26893431457505074) = 0.8717680738930556
mAP(epsilon=0.2737780167191204) = 0.871777912595835
mAP(epsilon=0.27953818177180195) = 0.871764216283461
mAP(epsilon=0.2863882110360409) = 0.8717957368411644
mAP(epsilon=0.2945343145750507) = 0.8717832796003101
mAP(epsilon=0.30422171886319) = 0.8717923614275214
mAP(epsilon=0.3157420489685531) = 0.8718376015392926
mAP(epsilon=0.329442107497031) = 0.8718191606873453
mAP(epsilon=0.3457343145750506) = 0.871803544466477
mAP(epsilon=0.3651091231513292) = 0.8717915426247741
mAP(epsilon=0.3881497833620555) = 0.8717651622758152
mAP(epsilon=0.41554990041901124) = 0.8718402902812054
mAP(epsilon=0.4481343145750505) = 0.8718448082841318
mAP(epsilon=0.4868839317276077) = 0.8718757986179633
best epsilon = 0.4868839317276077 ; mAP = 0.8718757986179633
--------------------
Hyperparameter search on /usr/scratch4/angel8547/results/UAL/24/raw_model_outputs.json
--------------------
loading /usr/scratch4/angel8547/results/UAL/24/raw_model_outputs.json...
DONE!
mAP(epsilon=0) = 0.8673223769308501
mAP(epsilon=0.0007160682723923173) = 0.8673529188899258
mAP(epsilon=0.03946568542494952) = 0.869904281425003
mAP(epsilon=0.07205009958098874) = 0.8709286036325116
mAP(epsilon=0.09945021663794448) = 0.8714732790588481
mAP(epsilon=0.12249087684867076) = 0.8717833309382668
mAP(epsilon=0.14186568542494937) = 0.8718625103361249
mAP(epsilon=0.15815789250296897) = 0.871968647091753
mAP(epsilon=0.17185795103144685) = 0.8720263351129272
mAP(epsilon=0.18337828113680998) = 0.8721566449905733
mAP(epsilon=0.19306568542494928) = 0.8721947423555468
mAP(epsilon=0.20121178896395908) = 0.8722550337721361
mAP(epsilon=0.20806181822819803) = 0.8722325802778019
mAP(epsilon=0.2138219832808796) = 0.8722515127421337
mAP(epsilon=0.21866568542494924) = 0.8722380347794255
mAP(epsilon=0.22273873719445414) = 0.8722513675580504
mAP(epsilon=0.22616375182657364) = 0.8722581498597088
mAP(epsilon=0.22904383435291442) = 0.8722549248993774
mAP(epsilon=0.23146568542494925) = 0.8722603828576205
mAP(epsilon=0.2335022113097017) = 0.8722430315502979
mAP(epsilon=0.23521471862576143) = 0.8722233569771292
mAP(epsilon=0.2366547598889318) = 0.8722400887715523
mAP(epsilon=0.23786568542494924) = 0.8722354796553536
mAP(epsilon=0.23888394836732546) = 0.8722473881425422
mAP(epsilon=0.23974020202535531) = 0.8722427329301693
mAP(epsilon=0.24046022265694053) = 0.872248291725464
mAP(epsilon=0.24106568542494922) = 0.8722493032212004
mAP(epsilon=0.24157481689613733) = 0.8722518643074255
mAP(epsilon=0.24200294372515227) = 0.8722517015514655
mAP(epsilon=0.24236295404094488) = 0.8722514740536337
mAP(epsilon=0.24266568542494923) = 0.8722553364328447
mAP(epsilon=0.24292025116054328) = 0.8722528655242905
mAP(epsilon=0.24313431457505075) = 0.872252318548752
mAP(epsilon=0.24331431973294704) = 0.8722528982156066
mAP(epsilon=0.24346568542494923) = 0.8722556022312927
mAP(epsilon=0.24359296829274626) = 0.8722544352232041
mAP(epsilon=0.2437) = 0.8722581017889436
mAP(epsilon=0.2438) = 0.8722579718024223
mAP(epsilon=0.24389999999999998) = 0.8722578549708754
mAP(epsilon=0.2440070317072537) = 0.8722633640064565
mAP(epsilon=0.24413431457505075) = 0.8722624666777962
mAP(epsilon=0.24428568026705294) = 0.8722591401502119
mAP(epsilon=0.24446568542494923) = 0.8722569812297994
mAP(epsilon=0.2446797488394567) = 0.8722570599389364
mAP(epsilon=0.24493431457505074) = 0.872257750725884
mAP(epsilon=0.2452370459590551) = 0.8722564353848269
mAP(epsilon=0.2455970562748477) = 0.8722489734628863
mAP(epsilon=0.24602518310386265) = 0.8722506941042415
mAP(epsilon=0.24653431457505076) = 0.8722503815955234
mAP(epsilon=0.24713977734305945) = 0.8722643941450091
mAP(epsilon=0.24785979797464466) = 0.8722688096099425
mAP(epsilon=0.24871605163267452) = 0.8722659599688358
mAP(epsilon=0.24973431457505074) = 0.8722599073035879
mAP(epsilon=0.25094524011106817) = 0.8722849399906971
mAP(epsilon=0.25238528137423855) = 0.8722834529948231
mAP(epsilon=0.2540977886902983) = 0.8722782000943771
mAP(epsilon=0.25613431457505076) = 0.8722852397440822
mAP(epsilon=0.25855616564708556) = 0.8722790100753672
mAP(epsilon=0.26143624817342637) = 0.8722785332150337
mAP(epsilon=0.26486126280554584) = 0.8722812264870065
mAP(epsilon=0.26893431457505074) = 0.8722644004335132
mAP(epsilon=0.2737780167191204) = 0.8722916479668757
mAP(epsilon=0.27953818177180195) = 0.8723005677954495
mAP(epsilon=0.2863882110360409) = 0.8723784976348568
mAP(epsilon=0.2945343145750507) = 0.8724047002693702
mAP(epsilon=0.30422171886319) = 0.8723823665531845
mAP(epsilon=0.3157420489685531) = 0.872394285876006
mAP(epsilon=0.329442107497031) = 0.8723993534498637
mAP(epsilon=0.3457343145750506) = 0.8723967345972834
mAP(epsilon=0.3651091231513292) = 0.8724126203909749
mAP(epsilon=0.3881497833620555) = 0.8724308316844052
mAP(epsilon=0.41554990041901124) = 0.8723818921469397
mAP(epsilon=0.4481343145750505) = 0.8722401320616268
mAP(epsilon=0.4868839317276077) = 0.8722063006541935
best epsilon = 0.3881497833620555 ; mAP = 0.8724308316844052
--------------------
Hyperparameter search on /usr/scratch4/angel8547/results/UAL/25/raw_model_outputs.json
--------------------
loading /usr/scratch4/angel8547/results/UAL/25/raw_model_outputs.json...
DONE!
mAP(epsilon=0) = 0.8636413378751426
mAP(epsilon=0.0007160682723923173) = 0.8637550768200871
mAP(epsilon=0.03946568542494952) = 0.86632257161434
mAP(epsilon=0.07205009958098874) = 0.8670975402932316
mAP(epsilon=0.09945021663794448) = 0.8676758512823121
mAP(epsilon=0.12249087684867076) = 0.8680903774607407
mAP(epsilon=0.14186568542494937) = 0.8681795058224953
mAP(epsilon=0.15815789250296897) = 0.8681721025327209
mAP(epsilon=0.17185795103144685) = 0.8682369950085483
mAP(epsilon=0.18337828113680998) = 0.8682645944610312
mAP(epsilon=0.19306568542494928) = 0.8682669149743673
mAP(epsilon=0.20121178896395908) = 0.868334333522636
mAP(epsilon=0.20806181822819803) = 0.8684307895192352
mAP(epsilon=0.2138219832808796) = 0.868440057398475
mAP(epsilon=0.21866568542494924) = 0.8684497885063412
mAP(epsilon=0.22273873719445414) = 0.868422519678135
mAP(epsilon=0.22616375182657364) = 0.8683992471303581
mAP(epsilon=0.22904383435291442) = 0.8684165842485789
mAP(epsilon=0.23146568542494925) = 0.8684268385675209
mAP(epsilon=0.2335022113097017) = 0.8684253336347341
mAP(epsilon=0.23521471862576143) = 0.8684296054648455
mAP(epsilon=0.2366547598889318) = 0.8684255519681701
mAP(epsilon=0.23786568542494924) = 0.868421727987592
mAP(epsilon=0.23888394836732546) = 0.8684205129179837
mAP(epsilon=0.23974020202535531) = 0.8684190166721096
mAP(epsilon=0.24046022265694053) = 0.8684223022527892
mAP(epsilon=0.24106568542494922) = 0.8684216837945311
mAP(epsilon=0.24157481689613733) = 0.8684341351238658
mAP(epsilon=0.24200294372515227) = 0.8684337726259933
mAP(epsilon=0.24236295404094488) = 0.8684313622046982
mAP(epsilon=0.24266568542494923) = 0.8684409169400411
mAP(epsilon=0.24292025116054328) = 0.8684443104005005
mAP(epsilon=0.24313431457505075) = 0.8684438349574966
mAP(epsilon=0.24331431973294704) = 0.8684461588427445
mAP(epsilon=0.24346568542494923) = 0.8684478765480469
mAP(epsilon=0.24359296829274626) = 0.8684472429462254
mAP(epsilon=0.2437) = 0.8684471138371311
mAP(epsilon=0.2438) = 0.8684458132311587
mAP(epsilon=0.24389999999999998) = 0.8684455491578272
mAP(epsilon=0.2440070317072537) = 0.8684449100781134
mAP(epsilon=0.24413431457505075) = 0.8684461782735229
mAP(epsilon=0.24428568026705294) = 0.8684546450249748
mAP(epsilon=0.24446568542494923) = 0.8684544670485922
mAP(epsilon=0.2446797488394567) = 0.8684528993142104
mAP(epsilon=0.24493431457505074) = 0.8684540968064604
mAP(epsilon=0.2452370459590551) = 0.8684530884703686
mAP(epsilon=0.2455970562748477) = 0.8684575692234877
mAP(epsilon=0.24602518310386265) = 0.8684314636401457
mAP(epsilon=0.24653431457505076) = 0.8684296071279505
mAP(epsilon=0.24713977734305945) = 0.8684310198951571
mAP(epsilon=0.24785979797464466) = 0.8684459947933961
mAP(epsilon=0.24871605163267452) = 0.8684497156377229
mAP(epsilon=0.24973431457505074) = 0.8684541854050166
mAP(epsilon=0.25094524011106817) = 0.8684540186883846
mAP(epsilon=0.25238528137423855) = 0.8684564108610833
mAP(epsilon=0.2540977886902983) = 0.8684552466083104
mAP(epsilon=0.25613431457505076) = 0.8684569774183616
mAP(epsilon=0.25855616564708556) = 0.8684783856691195
mAP(epsilon=0.26143624817342637) = 0.8684998966411344
mAP(epsilon=0.26486126280554584) = 0.8685115411994844
mAP(epsilon=0.26893431457505074) = 0.8685167471307673
mAP(epsilon=0.2737780167191204) = 0.8685038176112356
mAP(epsilon=0.27953818177180195) = 0.868476109572583
mAP(epsilon=0.2863882110360409) = 0.8685078521408484
mAP(epsilon=0.2945343145750507) = 0.86845562865921
mAP(epsilon=0.30422171886319) = 0.8684362311085564
mAP(epsilon=0.3157420489685531) = 0.8684746211255033
mAP(epsilon=0.329442107497031) = 0.8684736099628267
mAP(epsilon=0.3457343145750506) = 0.86853140657359
mAP(epsilon=0.3651091231513292) = 0.8685510043413386
mAP(epsilon=0.3881497833620555) = 0.8686086724619226
mAP(epsilon=0.41554990041901124) = 0.8685479117178182
mAP(epsilon=0.4481343145750505) = 0.8685112354830152
mAP(epsilon=0.4868839317276077) = 0.8684602561671071
best epsilon = 0.3881497833620555 ; mAP = 0.8686086724619226
--------------------
Hyperparameter search on /usr/scratch4/angel8547/results/UAL/26/raw_model_outputs.json
--------------------
loading /usr/scratch4/angel8547/results/UAL/26/raw_model_outputs.json...
DONE!
mAP(epsilon=0) = 0.8655063469548859
mAP(epsilon=0.0007160682723923173) = 0.8655792722402
mAP(epsilon=0.03946568542494952) = 0.8678877640972903
mAP(epsilon=0.07205009958098874) = 0.8689644700590311
mAP(epsilon=0.09945021663794448) = 0.8693707464559076
mAP(epsilon=0.12249087684867076) = 0.8696382455852619
mAP(epsilon=0.14186568542494937) = 0.8697511954715468
mAP(epsilon=0.15815789250296897) = 0.8698768419571934
mAP(epsilon=0.17185795103144685) = 0.8698689218733854
mAP(epsilon=0.18337828113680998) = 0.8699649587262741
mAP(epsilon=0.19306568542494928) = 0.8699317617199757
mAP(epsilon=0.20121178896395908) = 0.8699867325640698
mAP(epsilon=0.20806181822819803) = 0.8699751291491322
mAP(epsilon=0.2138219832808796) = 0.8699565126445252
mAP(epsilon=0.21866568542494924) = 0.8699497912062731
mAP(epsilon=0.22273873719445414) = 0.8699180621847954
mAP(epsilon=0.22616375182657364) = 0.8699357759071894
mAP(epsilon=0.22904383435291442) = 0.8699589807818968
mAP(epsilon=0.23146568542494925) = 0.8699799069069247
mAP(epsilon=0.2335022113097017) = 0.8699813269365685
mAP(epsilon=0.23521471862576143) = 0.8699611964936543
mAP(epsilon=0.2366547598889318) = 0.8699463569283975
mAP(epsilon=0.23786568542494924) = 0.8699477096551606
mAP(epsilon=0.23888394836732546) = 0.8699447369109241
mAP(epsilon=0.23974020202535531) = 0.8699506483957329
mAP(epsilon=0.24046022265694053) = 0.8699534914200469
mAP(epsilon=0.24106568542494922) = 0.8699710759896263
mAP(epsilon=0.24157481689613733) = 0.869956523603338
mAP(epsilon=0.24200294372515227) = 0.8699512235563227
mAP(epsilon=0.24236295404094488) = 0.8699521360920449
mAP(epsilon=0.24266568542494923) = 0.8699528221431659
mAP(epsilon=0.24292025116054328) = 0.8699529338946375
mAP(epsilon=0.24313431457505075) = 0.8699623631438143
mAP(epsilon=0.24331431973294704) = 0.8699596732047462
mAP(epsilon=0.24346568542494923) = 0.8699578540724102
mAP(epsilon=0.24359296829274626) = 0.8699585942012306
mAP(epsilon=0.2437) = 0.8699585411809994
mAP(epsilon=0.2438) = 0.8699580936835638
mAP(epsilon=0.24389999999999998) = 0.8699583489643798
mAP(epsilon=0.2440070317072537) = 0.8699587447309884
mAP(epsilon=0.24413431457505075) = 0.8699586186970978
mAP(epsilon=0.24428568026705294) = 0.8699554154559537
mAP(epsilon=0.24446568542494923) = 0.8699465995283175
mAP(epsilon=0.2446797488394567) = 0.86994750012108
mAP(epsilon=0.24493431457505074) = 0.8699532789841887
mAP(epsilon=0.2452370459590551) = 0.8699536889331828
mAP(epsilon=0.2455970562748477) = 0.869970533717419
mAP(epsilon=0.24602518310386265) = 0.8699692212205767
mAP(epsilon=0.24653431457505076) = 0.8699661558495335
mAP(epsilon=0.24713977734305945) = 0.8699634996805431
mAP(epsilon=0.24785979797464466) = 0.8699593531954052
mAP(epsilon=0.24871605163267452) = 0.8699571916690915
mAP(epsilon=0.24973431457505074) = 0.869983824215091
mAP(epsilon=0.25094524011106817) = 0.8699945221872716
mAP(epsilon=0.25238528137423855) = 0.8699979133204632
mAP(epsilon=0.2540977886902983) = 0.8699833929115726
mAP(epsilon=0.25613431457505076) = 0.8700049698800102
mAP(epsilon=0.25855616564708556) = 0.8699987321575021
mAP(epsilon=0.26143624817342637) = 0.8699880138139215
mAP(epsilon=0.26486126280554584) = 0.8699848230220951
mAP(epsilon=0.26893431457505074) = 0.8700074952576221
mAP(epsilon=0.2737780167191204) = 0.870027871215469
mAP(epsilon=0.27953818177180195) = 0.8700218549777377
mAP(epsilon=0.2863882110360409) = 0.8700311230503245
mAP(epsilon=0.2945343145750507) = 0.8700197830001607
mAP(epsilon=0.30422171886319) = 0.870010944077824
mAP(epsilon=0.3157420489685531) = 0.8699738194375605
mAP(epsilon=0.329442107497031) = 0.8699906366050503
mAP(epsilon=0.3457343145750506) = 0.8700360726808053
mAP(epsilon=0.3651091231513292) = 0.8699792886023111
mAP(epsilon=0.3881497833620555) = 0.8699790140386922
mAP(epsilon=0.41554990041901124) = 0.8699821263905736
mAP(epsilon=0.4481343145750505) = 0.8699291817698891
mAP(epsilon=0.4868839317276077) = 0.8699372225875815
best epsilon = 0.3457343145750506 ; mAP = 0.8700360726808053
--------------------
Hyperparameter search on /usr/scratch4/angel8547/results/UAL/27/raw_model_outputs.json
--------------------
loading /usr/scratch4/angel8547/results/UAL/27/raw_model_outputs.json...
DONE!
mAP(epsilon=0) = 0.8679353520185789
mAP(epsilon=0.0007160682723923173) = 0.8680234139927813
mAP(epsilon=0.03946568542494952) = 0.8700500959623115
mAP(epsilon=0.07205009958098874) = 0.8707998159289614
mAP(epsilon=0.09945021663794448) = 0.8710495544019584
mAP(epsilon=0.12249087684867076) = 0.871289084514573
mAP(epsilon=0.14186568542494937) = 0.8714017628082232
mAP(epsilon=0.15815789250296897) = 0.8714938677003191
mAP(epsilon=0.17185795103144685) = 0.8715579019991383
mAP(epsilon=0.18337828113680998) = 0.8715487748263957
mAP(epsilon=0.19306568542494928) = 0.8715169619981985
mAP(epsilon=0.20121178896395908) = 0.8716049702165677
mAP(epsilon=0.20806181822819803) = 0.871565231972615
mAP(epsilon=0.2138219832808796) = 0.8715753997955457
mAP(epsilon=0.21866568542494924) = 0.8715836045427262
mAP(epsilon=0.22273873719445414) = 0.8715937952506322
mAP(epsilon=0.22616375182657364) = 0.8715513702610641
mAP(epsilon=0.22904383435291442) = 0.8715469824327585
mAP(epsilon=0.23146568542494925) = 0.8715454572226136
mAP(epsilon=0.2335022113097017) = 0.8715448889431247
mAP(epsilon=0.23521471862576143) = 0.8715462258278629
mAP(epsilon=0.2366547598889318) = 0.8715433692090352
mAP(epsilon=0.23786568542494924) = 0.8715442439451926
mAP(epsilon=0.23888394836732546) = 0.8715186324083593
mAP(epsilon=0.23974020202535531) = 0.8715212418585951
mAP(epsilon=0.24046022265694053) = 0.8715172331411463
mAP(epsilon=0.24106568542494922) = 0.8715179379013752
mAP(epsilon=0.24157481689613733) = 0.8715275362836848
mAP(epsilon=0.24200294372515227) = 0.8715293054030754
mAP(epsilon=0.24236295404094488) = 0.8715165088061522
mAP(epsilon=0.24266568542494923) = 0.8715133596202862
mAP(epsilon=0.24292025116054328) = 0.8715130151930952
mAP(epsilon=0.24313431457505075) = 0.8715171864552165
mAP(epsilon=0.24331431973294704) = 0.8715176094995656
mAP(epsilon=0.24346568542494923) = 0.8715155243569315
mAP(epsilon=0.24359296829274626) = 0.8715184308656672
mAP(epsilon=0.2437) = 0.8715196723648553
mAP(epsilon=0.2438) = 0.8715190357920225
mAP(epsilon=0.24389999999999998) = 0.8715167515599243
mAP(epsilon=0.2440070317072537) = 0.8715102013954353
mAP(epsilon=0.24413431457505075) = 0.8715126267809354
mAP(epsilon=0.24428568026705294) = 0.8715119439747379
mAP(epsilon=0.24446568542494923) = 0.8715115409112292
mAP(epsilon=0.2446797488394567) = 0.8715137883273344
mAP(epsilon=0.24493431457505074) = 0.8715157033745944
mAP(epsilon=0.2452370459590551) = 0.8715193203827012
mAP(epsilon=0.2455970562748477) = 0.8715220782783623
mAP(epsilon=0.24602518310386265) = 0.8715137182331972
mAP(epsilon=0.24653431457505076) = 0.8714988611594069
mAP(epsilon=0.24713977734305945) = 0.8714301413473771
mAP(epsilon=0.24785979797464466) = 0.871428439647168
mAP(epsilon=0.24871605163267452) = 0.8714163906981173
mAP(epsilon=0.24973431457505074) = 0.8714873249826546
mAP(epsilon=0.25094524011106817) = 0.8714857949218325
mAP(epsilon=0.25238528137423855) = 0.8714764346412512
mAP(epsilon=0.2540977886902983) = 0.8714715880642071
mAP(epsilon=0.25613431457505076) = 0.8714662158814822
mAP(epsilon=0.25855616564708556) = 0.8714608956824292
mAP(epsilon=0.26143624817342637) = 0.8714452908650706
mAP(epsilon=0.26486126280554584) = 0.8714486210845422
mAP(epsilon=0.26893431457505074) = 0.871441720660547
mAP(epsilon=0.2737780167191204) = 0.8714279369955507
mAP(epsilon=0.27953818177180195) = 0.8714561212942357
mAP(epsilon=0.2863882110360409) = 0.8714550831785786
mAP(epsilon=0.2945343145750507) = 0.8714636520817702
mAP(epsilon=0.30422171886319) = 0.8714436607065441
mAP(epsilon=0.3157420489685531) = 0.8714558560196295
mAP(epsilon=0.329442107497031) = 0.8714299623785751
mAP(epsilon=0.3457343145750506) = 0.8714210233937227
mAP(epsilon=0.3651091231513292) = 0.8714360347450537
mAP(epsilon=0.3881497833620555) = 0.8713928407136716
mAP(epsilon=0.41554990041901124) = 0.871386402845667
mAP(epsilon=0.4481343145750505) = 0.8713453654903843
mAP(epsilon=0.4868839317276077) = 0.8711759209702633
best epsilon = 0.20121178896395908 ; mAP = 0.8716049702165677
--------------------
Hyperparameter search on /usr/scratch4/angel8547/results/UAL/28/raw_model_outputs.json
--------------------
loading /usr/scratch4/angel8547/results/UAL/28/raw_model_outputs.json...
DONE!
mAP(epsilon=0) = 0.8702155287643861
mAP(epsilon=0.0007160682723923173) = 0.8703172776681246
mAP(epsilon=0.03946568542494952) = 0.872775446949683
mAP(epsilon=0.07205009958098874) = 0.8737168111415329
mAP(epsilon=0.09945021663794448) = 0.8740222337976444
mAP(epsilon=0.12249087684867076) = 0.8742443973398615
mAP(epsilon=0.14186568542494937) = 0.8743936632331726
mAP(epsilon=0.15815789250296897) = 0.8744297440695038
mAP(epsilon=0.17185795103144685) = 0.8744423025389179
mAP(epsilon=0.18337828113680998) = 0.8744316125638747
mAP(epsilon=0.19306568542494928) = 0.8744533787103808
mAP(epsilon=0.20121178896395908) = 0.8745025973680235
mAP(epsilon=0.20806181822819803) = 0.8745205469574944
mAP(epsilon=0.2138219832808796) = 0.8745366057026281
mAP(epsilon=0.21866568542494924) = 0.874527141583283
mAP(epsilon=0.22273873719445414) = 0.8745449437993166
mAP(epsilon=0.22616375182657364) = 0.87453270627594
mAP(epsilon=0.22904383435291442) = 0.8745324791339908
mAP(epsilon=0.23146568542494925) = 0.8745507076700468
mAP(epsilon=0.2335022113097017) = 0.8745443485410699
mAP(epsilon=0.23521471862576143) = 0.8745570203630064
mAP(epsilon=0.2366547598889318) = 0.8745745778048241
mAP(epsilon=0.23786568542494924) = 0.874587008473314
mAP(epsilon=0.23888394836732546) = 0.8745853107871484
mAP(epsilon=0.23974020202535531) = 0.8745728519936176
mAP(epsilon=0.24046022265694053) = 0.8745748918901389
mAP(epsilon=0.24106568542494922) = 0.8745757442020764
mAP(epsilon=0.24157481689613733) = 0.8745729949465236
mAP(epsilon=0.24200294372515227) = 0.8746212514196606
mAP(epsilon=0.24236295404094488) = 0.8746189118197849
mAP(epsilon=0.24266568542494923) = 0.8746186583645791
mAP(epsilon=0.24292025116054328) = 0.8746192494718341
mAP(epsilon=0.24313431457505075) = 0.8746192113112227
mAP(epsilon=0.24331431973294704) = 0.8746202329040367
mAP(epsilon=0.24346568542494923) = 0.8746212705907761
mAP(epsilon=0.24359296829274626) = 0.8746252273703032
mAP(epsilon=0.2437) = 0.8746254644313127
mAP(epsilon=0.2438) = 0.8746257512924525
mAP(epsilon=0.24389999999999998) = 0.874624915076852
mAP(epsilon=0.2440070317072537) = 0.8746240946270324
mAP(epsilon=0.24413431457505075) = 0.8746220871115575
mAP(epsilon=0.24428568026705294) = 0.8746214110423637
mAP(epsilon=0.24446568542494923) = 0.8746225840004987
mAP(epsilon=0.2446797488394567) = 0.8746190888740246
mAP(epsilon=0.24493431457505074) = 0.8746159800186355
mAP(epsilon=0.2452370459590551) = 0.8746166438713846
mAP(epsilon=0.2455970562748477) = 0.8746160614809964
mAP(epsilon=0.24602518310386265) = 0.8746156262823395
mAP(epsilon=0.24653431457505076) = 0.8746095354548661
mAP(epsilon=0.24713977734305945) = 0.8746057930821943
mAP(epsilon=0.24785979797464466) = 0.8746148001401813
mAP(epsilon=0.24871605163267452) = 0.8746173490229363
mAP(epsilon=0.24973431457505074) = 0.874602391141623
mAP(epsilon=0.25094524011106817) = 0.8745923218321894
mAP(epsilon=0.25238528137423855) = 0.8745829816383044
mAP(epsilon=0.2540977886902983) = 0.8745784764476621
mAP(epsilon=0.25613431457505076) = 0.8745677412413465
mAP(epsilon=0.25855616564708556) = 0.8745409432252179
mAP(epsilon=0.26143624817342637) = 0.8745586341221303
mAP(epsilon=0.26486126280554584) = 0.8745316265072768
mAP(epsilon=0.26893431457505074) = 0.8745409572717595
mAP(epsilon=0.2737780167191204) = 0.874542928500539
mAP(epsilon=0.27953818177180195) = 0.8745697361503726
mAP(epsilon=0.2863882110360409) = 0.8745587276435072
mAP(epsilon=0.2945343145750507) = 0.8745269527152061
mAP(epsilon=0.30422171886319) = 0.874509619955647
mAP(epsilon=0.3157420489685531) = 0.8745448915439012
mAP(epsilon=0.329442107497031) = 0.8745141866669061
mAP(epsilon=0.3457343145750506) = 0.87441988724565
mAP(epsilon=0.3651091231513292) = 0.8743748358268223
mAP(epsilon=0.3881497833620555) = 0.874393729358391
mAP(epsilon=0.41554990041901124) = 0.8744308583372568
mAP(epsilon=0.4481343145750505) = 0.8743602678712082
mAP(epsilon=0.4868839317276077) = 0.8742528281254317
best epsilon = 0.2438 ; mAP = 0.8746257512924525
--------------------
Hyperparameter search on /usr/scratch4/angel8547/results/UAL/29/raw_model_outputs.json
--------------------
loading /usr/scratch4/angel8547/results/UAL/29/raw_model_outputs.json...
DONE!
mAP(epsilon=0) = 0.8684869116915198
mAP(epsilon=0.0007160682723923173) = 0.8685290751815045
mAP(epsilon=0.03946568542494952) = 0.8705575122418074
mAP(epsilon=0.07205009958098874) = 0.871368632122765
mAP(epsilon=0.09945021663794448) = 0.8716938578187111
mAP(epsilon=0.12249087684867076) = 0.8718572676580965
mAP(epsilon=0.14186568542494937) = 0.8719916950006689
mAP(epsilon=0.15815789250296897) = 0.8721366589383621
mAP(epsilon=0.17185795103144685) = 0.8721853027601435
mAP(epsilon=0.18337828113680998) = 0.8722039434062537
mAP(epsilon=0.19306568542494928) = 0.8721842431376264
mAP(epsilon=0.20121178896395908) = 0.8722003813555719
mAP(epsilon=0.20806181822819803) = 0.8722077808927332
mAP(epsilon=0.2138219832808796) = 0.8722066932649887
mAP(epsilon=0.21866568542494924) = 0.8722172881972996
mAP(epsilon=0.22273873719445414) = 0.87231182834716
mAP(epsilon=0.22616375182657364) = 0.8722827374454429
mAP(epsilon=0.22904383435291442) = 0.8722973470058666
mAP(epsilon=0.23146568542494925) = 0.8722683576155563
mAP(epsilon=0.2335022113097017) = 0.8722636354468687
mAP(epsilon=0.23521471862576143) = 0.8722562642984988
mAP(epsilon=0.2366547598889318) = 0.8722125103679372
mAP(epsilon=0.23786568542494924) = 0.8721982827019805
mAP(epsilon=0.23888394836732546) = 0.8721886670613535
mAP(epsilon=0.23974020202535531) = 0.8721820977346915
mAP(epsilon=0.24046022265694053) = 0.8721871334611856
mAP(epsilon=0.24106568542494922) = 0.8721838532788317
mAP(epsilon=0.24157481689613733) = 0.8720943454486763
mAP(epsilon=0.24200294372515227) = 0.871943085990781
mAP(epsilon=0.24236295404094488) = 0.8719293780453233
mAP(epsilon=0.24266568542494923) = 0.8719282447185147
mAP(epsilon=0.24292025116054328) = 0.8719323097611259
mAP(epsilon=0.24313431457505075) = 0.8719424226761223
mAP(epsilon=0.24331431973294704) = 0.8719416210591592
mAP(epsilon=0.24346568542494923) = 0.8719422747218922
mAP(epsilon=0.24359296829274626) = 0.871944474711513
mAP(epsilon=0.2437) = 0.871944003738088
mAP(epsilon=0.2438) = 0.8719435664926817
mAP(epsilon=0.24389999999999998) = 0.8719423135981088
mAP(epsilon=0.2440070317072537) = 0.8719433782403009
mAP(epsilon=0.24413431457505075) = 0.8719424470928863
mAP(epsilon=0.24428568026705294) = 0.8719425969819166
mAP(epsilon=0.24446568542494923) = 0.8719416383191657
mAP(epsilon=0.2446797488394567) = 0.8719450870664901
mAP(epsilon=0.24493431457505074) = 0.8719447504659372
mAP(epsilon=0.2452370459590551) = 0.871933753307721
mAP(epsilon=0.2455970562748477) = 0.8719345423294538
mAP(epsilon=0.24602518310386265) = 0.8719266318417764
mAP(epsilon=0.24653431457505076) = 0.8719249511168401
mAP(epsilon=0.24713977734305945) = 0.8719310744074147
mAP(epsilon=0.24785979797464466) = 0.8719282263962154
mAP(epsilon=0.24871605163267452) = 0.8719373588091145
mAP(epsilon=0.24973431457505074) = 0.871939851722496
mAP(epsilon=0.25094524011106817) = 0.8719504998911134
mAP(epsilon=0.25238528137423855) = 0.871962387134463
mAP(epsilon=0.2540977886902983) = 0.8719706757877862
mAP(epsilon=0.25613431457505076) = 0.8719498362490877
mAP(epsilon=0.25855616564708556) = 0.8719455120585281
mAP(epsilon=0.26143624817342637) = 0.871936606905407
mAP(epsilon=0.26486126280554584) = 0.8719257231899038
mAP(epsilon=0.26893431457505074) = 0.8718917717504112
mAP(epsilon=0.2737780167191204) = 0.8718981343659336
mAP(epsilon=0.27953818177180195) = 0.8718593968233372
mAP(epsilon=0.2863882110360409) = 0.8718645283043898
mAP(epsilon=0.2945343145750507) = 0.8718658977667895
mAP(epsilon=0.30422171886319) = 0.8718525076620092
mAP(epsilon=0.3157420489685531) = 0.8717790062698759
mAP(epsilon=0.329442107497031) = 0.8717094852467382
mAP(epsilon=0.3457343145750506) = 0.8716560401521364
mAP(epsilon=0.3651091231513292) = 0.8716419622403291
mAP(epsilon=0.3881497833620555) = 0.8715350506883147
mAP(epsilon=0.41554990041901124) = 0.8715630480917093
mAP(epsilon=0.4481343145750505) = 0.8715693164419192
mAP(epsilon=0.4868839317276077) = 0.8715225964545238
best epsilon = 0.22273873719445414 ; mAP = 0.87231182834716
--------------------
Hyperparameter search on /usr/scratch4/angel8547/results/UAL/43/raw_model_outputs.json
--------------------
loading /usr/scratch4/angel8547/results/UAL/43/raw_model_outputs.json...
DONE!
mAP(epsilon=0) = 0.8661922308465135
mAP(epsilon=0.0007160682723923173) = 0.8662462312954987
mAP(epsilon=0.03946568542494952) = 0.8687026170651767
mAP(epsilon=0.07205009958098874) = 0.8695530705075301
mAP(epsilon=0.09945021663794448) = 0.8700794072659689
mAP(epsilon=0.12249087684867076) = 0.8703009905014433
mAP(epsilon=0.14186568542494937) = 0.870526964769308
mAP(epsilon=0.15815789250296897) = 0.8705906437309292
mAP(epsilon=0.17185795103144685) = 0.8706841743155245
mAP(epsilon=0.18337828113680998) = 0.87074251206328
mAP(epsilon=0.19306568542494928) = 0.8708425698343895
mAP(epsilon=0.20121178896395908) = 0.8709085431256062
mAP(epsilon=0.20806181822819803) = 0.870912389477596
mAP(epsilon=0.2138219832808796) = 0.8709257195180289
mAP(epsilon=0.21866568542494924) = 0.8709513784340633
mAP(epsilon=0.22273873719445414) = 0.8709592429080795
mAP(epsilon=0.22616375182657364) = 0.8709571510249771
mAP(epsilon=0.22904383435291442) = 0.8709688715905702
mAP(epsilon=0.23146568542494925) = 0.87098277548289
mAP(epsilon=0.2335022113097017) = 0.870977997163439
mAP(epsilon=0.23521471862576143) = 0.8710151877786569
mAP(epsilon=0.2366547598889318) = 0.8710100577048242
mAP(epsilon=0.23786568542494924) = 0.8710157255149218
mAP(epsilon=0.23888394836732546) = 0.871009247160212
mAP(epsilon=0.23974020202535531) = 0.8710143952191055
mAP(epsilon=0.24046022265694053) = 0.871011442262027
mAP(epsilon=0.24106568542494922) = 0.8710190397215972
mAP(epsilon=0.24157481689613733) = 0.8710220066915483
mAP(epsilon=0.24200294372515227) = 0.8710136883637034
mAP(epsilon=0.24236295404094488) = 0.8710191065869956
mAP(epsilon=0.24266568542494923) = 0.8710690914417064
mAP(epsilon=0.24292025116054328) = 0.871070344240099
mAP(epsilon=0.24313431457505075) = 0.8710721846862087
mAP(epsilon=0.24331431973294704) = 0.871072688109006
mAP(epsilon=0.24346568542494923) = 0.8710708462898732
mAP(epsilon=0.24359296829274626) = 0.8710760326286503
mAP(epsilon=0.2437) = 0.871076504607667
mAP(epsilon=0.2438) = 0.8710750970437752
mAP(epsilon=0.24389999999999998) = 0.871072844011642
mAP(epsilon=0.2440070317072537) = 0.8710721647821812
mAP(epsilon=0.24413431457505075) = 0.8710736381232452
mAP(epsilon=0.24428568026705294) = 0.8710755921603182
mAP(epsilon=0.24446568542494923) = 0.8710769308805479
mAP(epsilon=0.2446797488394567) = 0.871078274144892
mAP(epsilon=0.24493431457505074) = 0.8710796489483079
mAP(epsilon=0.2452370459590551) = 0.8710773925072193
mAP(epsilon=0.2455970562748477) = 0.8710810050455404
mAP(epsilon=0.24602518310386265) = 0.8711239367199378
mAP(epsilon=0.24653431457505076) = 0.8711236903763787
mAP(epsilon=0.24713977734305945) = 0.871123905246877
mAP(epsilon=0.24785979797464466) = 0.8711228686210777
mAP(epsilon=0.24871605163267452) = 0.8711271959258716
mAP(epsilon=0.24973431457505074) = 0.8710994973630626
mAP(epsilon=0.25094524011106817) = 0.8710988690967202
mAP(epsilon=0.25238528137423855) = 0.871104237682342
mAP(epsilon=0.2540977886902983) = 0.871103696836513
mAP(epsilon=0.25613431457505076) = 0.8711038997347997
mAP(epsilon=0.25855616564708556) = 0.8710886020116343
mAP(epsilon=0.26143624817342637) = 0.8710978978103068
mAP(epsilon=0.26486126280554584) = 0.8710745693939206
mAP(epsilon=0.26893431457505074) = 0.8710869829638955
mAP(epsilon=0.2737780167191204) = 0.8711120744456855
mAP(epsilon=0.27953818177180195) = 0.8711191700408958
mAP(epsilon=0.2863882110360409) = 0.8711207634905346
mAP(epsilon=0.2945343145750507) = 0.8711523112219947
mAP(epsilon=0.30422171886319) = 0.8712144087847352
mAP(epsilon=0.3157420489685531) = 0.8712008982751357
mAP(epsilon=0.329442107497031) = 0.8712018893016071
mAP(epsilon=0.3457343145750506) = 0.8711622495296838
mAP(epsilon=0.3651091231513292) = 0.8711374907098673
mAP(epsilon=0.3881497833620555) = 0.8711577051231442
mAP(epsilon=0.41554990041901124) = 0.8710968048423782
mAP(epsilon=0.4481343145750505) = 0.8710410724593333
mAP(epsilon=0.4868839317276077) = 0.8709427184388754
best epsilon = 0.30422171886319 ; mAP = 0.8712144087847352
--------------------
Hyperparameter search on /usr/scratch4/angel8547/results/UAL/44/raw_model_outputs.json
--------------------
loading /usr/scratch4/angel8547/results/UAL/44/raw_model_outputs.json...
DONE!
mAP(epsilon=0) = 0.8676844355333951
mAP(epsilon=0.0007160682723923173) = 0.8677589625121688
mAP(epsilon=0.03946568542494952) = 0.8698575489888952
mAP(epsilon=0.07205009958098874) = 0.8706760219318436
mAP(epsilon=0.09945021663794448) = 0.8709682487128726
mAP(epsilon=0.12249087684867076) = 0.8711279673918952
mAP(epsilon=0.14186568542494937) = 0.8713256728810271
mAP(epsilon=0.15815789250296897) = 0.8714290968079157
mAP(epsilon=0.17185795103144685) = 0.8714854423575449
mAP(epsilon=0.18337828113680998) = 0.8715212511998341
mAP(epsilon=0.19306568542494928) = 0.8715328514647841
mAP(epsilon=0.20121178896395908) = 0.8715530115912091
mAP(epsilon=0.20806181822819803) = 0.871575928326206
mAP(epsilon=0.2138219832808796) = 0.8715980534935307
mAP(epsilon=0.21866568542494924) = 0.8715834410882447
mAP(epsilon=0.22273873719445414) = 0.8715428871940366
mAP(epsilon=0.22616375182657364) = 0.8715563814712433
mAP(epsilon=0.22904383435291442) = 0.8715415322131779
mAP(epsilon=0.23146568542494925) = 0.8715452814389657
mAP(epsilon=0.2335022113097017) = 0.8715170564083609
mAP(epsilon=0.23521471862576143) = 0.871530398151071
mAP(epsilon=0.2366547598889318) = 0.871530070204967
mAP(epsilon=0.23786568542494924) = 0.8715370754135153
mAP(epsilon=0.23888394836732546) = 0.8715407792011377
mAP(epsilon=0.23974020202535531) = 0.8715441764003663
mAP(epsilon=0.24046022265694053) = 0.8715527576423213
mAP(epsilon=0.24106568542494922) = 0.8715570789683109
mAP(epsilon=0.24157481689613733) = 0.8715964865164018
mAP(epsilon=0.24200294372515227) = 0.8716055962784447
mAP(epsilon=0.24236295404094488) = 0.8716073726654433
mAP(epsilon=0.24266568542494923) = 0.8715961043352297
mAP(epsilon=0.24292025116054328) = 0.8715954746942421
mAP(epsilon=0.24313431457505075) = 0.8715941258884297
mAP(epsilon=0.24331431973294704) = 0.8715880491182745
mAP(epsilon=0.24346568542494923) = 0.8715852820053911
mAP(epsilon=0.24359296829274626) = 0.8715840051957316
mAP(epsilon=0.2437) = 0.8715846987553781
mAP(epsilon=0.2438) = 0.8715835695637255
mAP(epsilon=0.24389999999999998) = 0.8715801856851415
mAP(epsilon=0.2440070317072537) = 0.871579974128457
mAP(epsilon=0.24413431457505075) = 0.8715810022746119
mAP(epsilon=0.24428568026705294) = 0.8715801870558765
mAP(epsilon=0.24446568542494923) = 0.87157971116773
mAP(epsilon=0.2446797488394567) = 0.8715850710364568
mAP(epsilon=0.24493431457505074) = 0.8715826028958207
mAP(epsilon=0.2452370459590551) = 0.8715817750541922
mAP(epsilon=0.2455970562748477) = 0.8715872947985711
mAP(epsilon=0.24602518310386265) = 0.8715929705041787
mAP(epsilon=0.24653431457505076) = 0.871591576529219
mAP(epsilon=0.24713977734305945) = 0.8715798633432773
mAP(epsilon=0.24785979797464466) = 0.8715796538442948
mAP(epsilon=0.24871605163267452) = 0.8715738432642692
mAP(epsilon=0.24973431457505074) = 0.871571585500457
mAP(epsilon=0.25094524011106817) = 0.8715764735379918
mAP(epsilon=0.25238528137423855) = 0.8715814064751028
mAP(epsilon=0.2540977886902983) = 0.87157595740667
mAP(epsilon=0.25613431457505076) = 0.8715876711371723
mAP(epsilon=0.25855616564708556) = 0.8716100240189396
mAP(epsilon=0.26143624817342637) = 0.8716249819051238
mAP(epsilon=0.26486126280554584) = 0.8716257661246053
mAP(epsilon=0.26893431457505074) = 0.8716158400168089
mAP(epsilon=0.2737780167191204) = 0.8715931611978175
mAP(epsilon=0.27953818177180195) = 0.8715659568637263
mAP(epsilon=0.2863882110360409) = 0.8715796238837344
mAP(epsilon=0.2945343145750507) = 0.8715575313649967
mAP(epsilon=0.30422171886319) = 0.8716037433220986
mAP(epsilon=0.3157420489685531) = 0.8715656412149598
mAP(epsilon=0.329442107497031) = 0.8714585991594597
mAP(epsilon=0.3457343145750506) = 0.871406724918047
mAP(epsilon=0.3651091231513292) = 0.8713703213304056
mAP(epsilon=0.3881497833620555) = 0.8713218591020856
mAP(epsilon=0.41554990041901124) = 0.8714129594525357
mAP(epsilon=0.4481343145750505) = 0.8713950140354573
mAP(epsilon=0.4868839317276077) = 0.8712406217127547
best epsilon = 0.26486126280554584 ; mAP = 0.8716257661246053

Best epsilons: [0.3157420489685531, 0.15815789250296897, 0.3157420489685531, 0.22904383435291442, 0.2863882110360409, 0.24266568542494923, 0.2138219832808796, 0.14186568542494937, 0.2737780167191204, 0.329442107497031, 0.2138219832808796, 0.4868839317276077, 0.3881497833620555, 0.3881497833620555, 0.3457343145750506, 0.20121178896395908, 0.2438, 0.22273873719445414, 0.30422171886319, 0.26486126280554584]
Best mAPs: [0.8751838741476735, 0.8719164664915441, 0.870670509474194, 0.8715363776793699, 0.8714521436395299, 0.8693547177376265, 0.8735476384183234, 0.8742054485780048, 0.8721406554412346, 0.8708309898375107, 0.8734663903970843, 0.8718757986179633, 0.8724308316844052, 0.8686086724619226, 0.8700360726808053, 0.8716049702165677, 0.8746257512924525, 0.87231182834716, 0.8712144087847352, 0.8716257661246053]
Mean of best epsilons: 0.27831104091553793 0.08180020492292459
distribution_1d_plot

------------------------------------------------------------
Sender: LSF System <schwan@makalu94>
Subject: Job 2582567: <hyperparam> in cluster <wuerfel> Exited

Job <hyperparam> was submitted from host <makalu48> by user <angel8547> in cluster <wuerfel> at Thu Jul 25 15:43:21 2024
Job was executed on host(s) <makalu94>, in queue <BatchGPU>, as user <angel8547> in cluster <wuerfel> at Thu Jul 25 15:43:41 2024
</home/angel8547> was used as the home directory.
</home/angel8547/UE/data_stats/1> was used as the working directory.
Started at Thu Jul 25 15:43:41 2024
Terminated at Thu Jul 25 17:45:30 2024
Results reported at Thu Jul 25 17:45:30 2024

Your job looked like:

------------------------------------------------------------
# LSBATCH: User input
python ../../misc/data_stats.py
------------------------------------------------------------

Exited with exit code 1.

Resource usage summary:

    CPU time :                                   10133.26 sec.
    Max Memory :                                 14519.95 MB
    Average Memory :                             8435.85 MB
    Total Requested Memory :                     -
    Delta Memory :                               -
    Max Swap :                                   2 MB
    Max Processes :                              3
    Max Threads :                                7
    Run time :                                   7308 sec.
    Turnaround time :                            7329 sec.

The output (if any) is above this job summary.



PS:

Read file <./err.2582567> for stderr output of this job.

